#*****************************************************************************************
#
2013/03/27 20:38:30 apjwDY14 JOB-START
#
#*****************************************************************************************
#-----------------------------------------------------------------------------------------
# STEPID = 0010  START
#-----------------------------------------------------------------------------------------
#-----------------------------------------------------------------------------------------
# STEPID = 0010  NORMAL-END
#-----------------------------------------------------------------------------------------
#-----------------------------------------------------------------------------------------
# STEPID = 0020  START
#-----------------------------------------------------------------------------------------
2013/03/27 20:38:30 MDYB1403         Is Started.
2013/03/27 20:38:33 MDYB1403         Is Ended Normally.
RIYO_CMPCD=C000 KIJYUN_YMD=20130331 EXEC_ID=        KIDO_ID=    
#-----------------------------------------------------------------------------------------
# STEPID = 0020  NORMAL-END
#-----------------------------------------------------------------------------------------
#-----------------------------------------------------------------------------------------
# STEPID = 0030  START
#-----------------------------------------------------------------------------------------
2013/03/27 20:38:33 MDYB1401         Is Started.
2013/03/27 20:38:34 MDYB1401         Is Ended Normally.
RIYO_CMPCD=C000 KIJYUN_YMD=20130331 EXEC_ID=        KIDO_ID=    
#-----------------------------------------------------------------------------------------
# STEPID = 0030  NORMAL-END
#-----------------------------------------------------------------------------------------
#-----------------------------------------------------------------------------------------
# STEPID = 0040  START
#-----------------------------------------------------------------------------------------
TKDYAA40_1003 MOVE 開始 20130327203834

表が変更されました。

TKDYAA40_1003 MOVE 終了 20130327203835
TKDYAA40_1006 MOVE 開始 20130327203835

表が変更されました。

TKDYAA40_1006 MOVE 終了 20130327203835
TKDYAA40_1008 MOVE 開始 20130327203835

表が変更されました。

TKDYAA40_1008 MOVE 終了 20130327203904
TKDYAA40_1009 MOVE 開始 20130327203905

表が変更されました。

TKDYAA40_1009 MOVE 終了 20130327203905
TKDYAA40_1018 MOVE 開始 20130327203905

表が変更されました。

TKDYAA40_1018 MOVE 終了 20130327203905
TKDYAA40_1020 MOVE 開始 20130327203905

表が変更されました。

TKDYAA40_1020 MOVE 終了 20130327203906
TKDYAA40_1025 MOVE 開始 20130327203906

表が変更されました。

TKDYAA40_1025 MOVE 終了 20130327203906
TKDYAA40_1042 MOVE 開始 20130327203906

表が変更されました。

TKDYAA40_1042 MOVE 終了 20130327203906
TKDYAA40_1088 MOVE 開始 20130327203906

表が変更されました。

TKDYAA40_1088 MOVE 終了 20130327203907
TKDYAA40_1501 MOVE 開始 20130327203907

表が変更されました。

TKDYAA40_1501 MOVE 終了 20130327203907
TKDYAA40_1515 MOVE 開始 20130327203907

表が変更されました。

TKDYAA40_1515 MOVE 終了 20130327203910
TKDYAA40_1777 MOVE 開始 20130327203910

表が変更されました。

TKDYAA40_1777 MOVE 終了 20130327203910
TKDYAA40_1888 MOVE 開始 20130327203910

表が変更されました。

TKDYAA40_1888 MOVE 終了 20130327203910
TKDYAA31 MOVE 開始 20130327203910

表が変更されました。

TKDYAA31 MOVE 終了 20130327203911
#-----------------------------------------------------------------------------------------
# STEPID = 0040  NORMAL-END
#-----------------------------------------------------------------------------------------
#-----------------------------------------------------------------------------------------
# STEPID = 0050  START
#-----------------------------------------------------------------------------------------
2013/03/27 20:39:11 MDYB1402         Is Started.
2013/03/27 20:39:11 MDYB1402         Is Ended Normally.
RIYO_CMPCD=C000 KIJYUN_YMD=20130331 EXEC_ID=        KIDO_ID=    
#-----------------------------------------------------------------------------------------
# STEPID = 0050  NORMAL-END
#-----------------------------------------------------------------------------------------
#*****************************************************************************************
#
2013/03/27 20:39:11 apjwDY14 JOB-NORMAL-END
#
#*****************************************************************************************
シェルapjwDY14のリターン値：0
