#*****************************************************************************************
#
2013/03/26 15:19:06 apjwDY14 JOB-START
#
#*****************************************************************************************
#-----------------------------------------------------------------------------------------
# STEPID = 0010  START
#-----------------------------------------------------------------------------------------
#-----------------------------------------------------------------------------------------
# STEPID = 0010  NORMAL-END
#-----------------------------------------------------------------------------------------
#-----------------------------------------------------------------------------------------
# STEPID = 0020  START
#-----------------------------------------------------------------------------------------
2013/03/26 15:19:06 MDYB1403         Is Started.
2013/03/26 15:19:06 MDYB1403         Is Ended Normally.
RIYO_CMPCD=C000 KIJYUN_YMD=20130331 EXEC_ID=        KIDO_ID=    
#-----------------------------------------------------------------------------------------
# STEPID = 0020  NORMAL-END
#-----------------------------------------------------------------------------------------
#-----------------------------------------------------------------------------------------
# STEPID = 0030  START
#-----------------------------------------------------------------------------------------
2013/03/26 15:19:06 MDYB1401         Is Started.
2013/03/26 15:19:07 MDYB1401         Is Ended Normally.
RIYO_CMPCD=C000 KIJYUN_YMD=20130331 EXEC_ID=        KIDO_ID=    
#-----------------------------------------------------------------------------------------
# STEPID = 0030  NORMAL-END
#-----------------------------------------------------------------------------------------
#-----------------------------------------------------------------------------------------
# STEPID = 0040  START
#-----------------------------------------------------------------------------------------
TKDYAA40_1009 MOVE 開始 20130326151907

表が変更されました。

TKDYAA40_1009 MOVE 終了 20130326151907
TKDYAA40_1020 MOVE 開始 20130326151908

表が変更されました。

TKDYAA40_1020 MOVE 終了 20130326151908
TKDYAA40_1025 MOVE 開始 20130326151908

表が変更されました。

TKDYAA40_1025 MOVE 終了 20130326151908
TKDYAA40_1501 MOVE 開始 20130326151908

表が変更されました。

TKDYAA40_1501 MOVE 終了 20130326151908
TKCMWK01 MOVE 開始 20130326151908

表が変更されました。

TKCMWK01 MOVE 終了 20130326151934
TKDYAA31 MOVE 開始 20130326151934

表が変更されました。

TKDYAA31 MOVE 終了 20130326151934
TKDYAA40_1006 MOVE 開始 20130326151934

表が変更されました。

TKDYAA40_1006 MOVE 終了 20130326151934
TKCMSW00 MOVE 開始 20130326151934

表が変更されました。

TKCMSW00 MOVE 終了 20130326151937
TKDYAA38 MOVE 開始 20130326151937

表が変更されました。

TKDYAA38 MOVE 終了 20130326151937
TKDYAA39 MOVE 開始 20130326151937

表が変更されました。

TKDYAA39 MOVE 終了 20130326151937
TKDYAA40_1515 MOVE 開始 20130326151937

表が変更されました。

TKDYAA40_1515 MOVE 終了 20130326151940
TKDYAA40_1888 MOVE 開始 20130326151940

表が変更されました。

TKDYAA40_1888 MOVE 終了 20130326151940
TKDYAA40_1042 MOVE 開始 20130326151940

表が変更されました。

TKDYAA40_1042 MOVE 終了 20130326151940
TKDYAA40_1088 MOVE 開始 20130326151940

表が変更されました。

TKDYAA40_1088 MOVE 終了 20130326151940
TKDYAA40_1003 MOVE 開始 20130326151940

表が変更されました。

TKDYAA40_1003 MOVE 終了 20130326151940
TKDYAA40_1777 MOVE 開始 20130326151940

表が変更されました。

TKDYAA40_1777 MOVE 終了 20130326151940
TKDYAA40_1018 MOVE 開始 20130326151940

表が変更されました。

TKDYAA40_1018 MOVE 終了 20130326151940
#-----------------------------------------------------------------------------------------
# STEPID = 0040  NORMAL-END
#-----------------------------------------------------------------------------------------
#-----------------------------------------------------------------------------------------
# STEPID = 0050  START
#-----------------------------------------------------------------------------------------
2013/03/26 15:19:40 MDYB1402         Is Started.
2013/03/26 15:19:40 MDYB1402         Is Ended Normally.
RIYO_CMPCD=C000 KIJYUN_YMD=20130331 EXEC_ID=        KIDO_ID=    
#-----------------------------------------------------------------------------------------
# STEPID = 0050  NORMAL-END
#-----------------------------------------------------------------------------------------
#*****************************************************************************************
#
2013/03/26 15:19:40 apjwDY14 JOB-NORMAL-END
#
#*****************************************************************************************
シェルapjwDY14のリターン値：0
