#*****************************************************************************************
#
2013/03/06 15:07:30 apjwDY14 JOB-START
#
#*****************************************************************************************
#-----------------------------------------------------------------------------------------
# STEPID = 0010  START
#-----------------------------------------------------------------------------------------
#-----------------------------------------------------------------------------------------
# STEPID = 0010  NORMAL-END
#-----------------------------------------------------------------------------------------
#-----------------------------------------------------------------------------------------
# STEPID = 0020  START
#-----------------------------------------------------------------------------------------
基準日=[20121120]
2013/03/06 15:07:30 MDYB1403         Is Started.
2013/03/06 15:07:30 MDYB1403         Is Ended Normally.
RIYO_CMPCD=C000 KIJYUN_YMD=20121120 EXEC_ID=        KIDO_ID=    
#-----------------------------------------------------------------------------------------
# STEPID = 0020  NORMAL-END
#-----------------------------------------------------------------------------------------
#-----------------------------------------------------------------------------------------
# STEPID = 0030  START
#-----------------------------------------------------------------------------------------
最適化MAX容量 =[10240]
基準日        =[20121120]
2013/03/06 15:07:30 MDYB1401         Is Started.
2013/03/06 15:07:30 MDYB1401         Is Ended Normally.
RIYO_CMPCD=C000 KIJYUN_YMD=20121120 EXEC_ID=        KIDO_ID=    
#-----------------------------------------------------------------------------------------
# STEPID = 0030  NORMAL-END
#-----------------------------------------------------------------------------------------
#-----------------------------------------------------------------------------------------
# STEPID = 0040  START
#-----------------------------------------------------------------------------------------
AAAAAAAA_2011 MOVE 開始 20130306150730

表が変更されました。

AAAAAAAA_2011 MOVE 終了 20130306150730
#-----------------------------------------------------------------------------------------
# STEPID = 0040  NORMAL-END
#-----------------------------------------------------------------------------------------
#-----------------------------------------------------------------------------------------
# STEPID = 0050  START
#-----------------------------------------------------------------------------------------
基準日=[20121120]
2013/03/06 15:07:30 MDYB1402         Is Started.
2013/03/06 15:07:30 MDYB1402         Is Ended Normally.
RIYO_CMPCD=C000 KIJYUN_YMD=20121120 EXEC_ID=        KIDO_ID=    
#-----------------------------------------------------------------------------------------
# STEPID = 0050  NORMAL-END
#-----------------------------------------------------------------------------------------
#*****************************************************************************************
#
2013/03/06 15:07:30 apjwDY14 JOB-NORMAL-END
#
#*****************************************************************************************
シェルapjwDY14のリターン値：0
