#*****************************************************************************************
#
2013/04/04 10:48:49 apjwDY14 JOB-START
#
#*****************************************************************************************
#-----------------------------------------------------------------------------------------
# STEPID = 0010  START
#-----------------------------------------------------------------------------------------
#-----------------------------------------------------------------------------------------
# STEPID = 0010  NORMAL-END
#-----------------------------------------------------------------------------------------
#-----------------------------------------------------------------------------------------
# STEPID = 0020  START
#-----------------------------------------------------------------------------------------
2013/04/04 10:48:49 MDYB1403         Is Started.
2013/04/04 10:48:49 MDYB1403         Is Ended Normally.
RIYO_CMPCD=C000 KIJYUN_YMD=20130331 EXEC_ID=        KIDO_ID=    
#-----------------------------------------------------------------------------------------
# STEPID = 0020  NORMAL-END
#-----------------------------------------------------------------------------------------
#-----------------------------------------------------------------------------------------
# STEPID = 0030  START
#-----------------------------------------------------------------------------------------
2013/04/04 10:48:49 MDYB1401         Is Started.
2013/04/04 10:48:50 MDYB1401         Is Ended Normally.
RIYO_CMPCD=C000 KIJYUN_YMD=20130331 EXEC_ID=        KIDO_ID=    
#-----------------------------------------------------------------------------------------
# STEPID = 0030  NORMAL-END
#-----------------------------------------------------------------------------------------
#-----------------------------------------------------------------------------------------
# STEPID = 0040  START
#-----------------------------------------------------------------------------------------
AAAAAAAA_2011 AAAAAAAA_2011_MAX MOVE 開始 20130404104850

表が変更されました。

AAAAAAAA_2011 AAAAAAAA_2011_MAX MOVE 終了 20130404104859
AAAAAAAA_2011 AAAAAAAA_2011_MIN MOVE 開始 20130404104859

表が変更されました。

AAAAAAAA_2011 AAAAAAAA_2011_MIN MOVE 終了 20130404104908
CCCCCCCC_2012 CCCCCCCC_2012_MAX MOVE 開始 20130404104908

表が変更されました。

CCCCCCCC_2012 CCCCCCCC_2012_MAX MOVE 終了 20130404104922
CCCCCCCC_2012 CCCCCCCC_2012_MIN MOVE 開始 20130404104922

表が変更されました。

CCCCCCCC_2012 CCCCCCCC_2012_MIN MOVE 終了 20130404104929
CCCCCCCC_2012 CCCCCCCC_2012_TMP MOVE 開始 20130404104929

表が変更されました。

CCCCCCCC_2012 CCCCCCCC_2012_TMP MOVE 終了 20130404104929
#-----------------------------------------------------------------------------------------
# STEPID = 0040  NORMAL-END
#-----------------------------------------------------------------------------------------
#-----------------------------------------------------------------------------------------
# STEPID = 0050  START
#-----------------------------------------------------------------------------------------
2013/04/04 10:49:29 MDYB1402         Is Started.
2013/04/04 10:49:29 MDYB1402         Is Ended Normally.
RIYO_CMPCD=C000 KIJYUN_YMD=20130331 EXEC_ID=        KIDO_ID=    
#-----------------------------------------------------------------------------------------
# STEPID = 0050  NORMAL-END
#-----------------------------------------------------------------------------------------
#*****************************************************************************************
#
2013/04/04 10:49:29 apjwDY14 JOB-NORMAL-END
#
#*****************************************************************************************
シェルapjwDY14のリターン値：0
