#*****************************************************************************************
#
2013/03/05 22:35:07 apjwDY14 JOB-START
#
#*****************************************************************************************
#-----------------------------------------------------------------------------------------
# STEPID = 0010  START
#-----------------------------------------------------------------------------------------
#-----------------------------------------------------------------------------------------
# STEPID = 0020  START
#-----------------------------------------------------------------------------------------
基準日=[20121120]
2013/03/05 22:35:07 MDYB1403         Is Started.
2013/03/05 22:35:07 MDYB1403         Is Ended Normally.
RIYO_CMPCD=C000 KIJYUN_YMD=20121120 EXEC_ID=        KIDO_ID=    
#-----------------------------------------------------------------------------------------
# STEPID = 0020  NORMAL-END
#-----------------------------------------------------------------------------------------
#-----------------------------------------------------------------------------------------
# STEPID = 0030  START
#-----------------------------------------------------------------------------------------
最適化MAX容量 =[10240]
基準日        =[20121120]
2013/03/05 22:35:07 MDYB1401         Is Started.
2013/03/05 22:35:07 MDYB1401         Is Ended Normally.
RIYO_CMPCD=C000 KIJYUN_YMD=20121120 EXEC_ID=        KIDO_ID=    
#-----------------------------------------------------------------------------------------
# STEPID = 0030  NORMAL-END
#-----------------------------------------------------------------------------------------
#-----------------------------------------------------------------------------------------
# STEPID = 0040  START
#-----------------------------------------------------------------------------------------
TKDYAA10 MOVE 開始 20130305223507

表が変更されました。

TKDYAA10 MOVE 終了 20130305223507
TKDYAA12 MOVE 開始 20130305223507

表が変更されました。

TKDYAA12 MOVE 終了 20130305223507
TKDYAA14 MOVE 開始 20130305223507

表が変更されました。

TKDYAA14 MOVE 終了 20130305223508
TKDYAA15 MOVE 開始 20130305223508

表が変更されました。

TKDYAA15 MOVE 終了 20130305223508
TKDYAA20 MOVE 開始 20130305223508

表が変更されました。

TKDYAA20 MOVE 終了 20130305223509
TKDYAA21 MOVE 開始 20130305223509

表が変更されました。

TKDYAA21 MOVE 終了 20130305223509
TKDYAA22 MOVE 開始 20130305223509

表が変更されました。

TKDYAA22 MOVE 終了 20130305223509
TKDYAA23 MOVE 開始 20130305223509

表が変更されました。

TKDYAA23 MOVE 終了 20130305223509
TKDYAA24 MOVE 開始 20130305223509

表が変更されました。

TKDYAA24 MOVE 終了 20130305223509
TKDYAA25 MOVE 開始 20130305223509

表が変更されました。

TKDYAA25 MOVE 終了 20130305223509
TKDYAA40_1003 MOVE 開始 20130305223509

表が変更されました。

TKDYAA40_1003 MOVE 終了 20130305223509
TKDYAA40_1006 MOVE 開始 20130305223509

表が変更されました。

TKDYAA40_1006 MOVE 終了 20130305223509
TKDYAA40_1008 MOVE 開始 20130305223510

表が変更されました。

TKDYAA40_1008 MOVE 終了 20130305223532
最適化停止ファイルの設置により処理を中断しました
#-----------------------------------------------------------------------------------------
# STEPID = 0040  NORMAL-END
#-----------------------------------------------------------------------------------------
#-----------------------------------------------------------------------------------------
# STEPID = 0050  START
#-----------------------------------------------------------------------------------------
基準日=[20121120]
2013/03/05 22:35:32 MDYB1402         Is Started.
2013/03/05 22:35:32 MDYB1402         Is Ended Normally.
RIYO_CMPCD=C000 KIJYUN_YMD=20121120 EXEC_ID=        KIDO_ID=    
#-----------------------------------------------------------------------------------------
# STEPID = 0050  NORMAL-END
#-----------------------------------------------------------------------------------------
#*****************************************************************************************
#
2013/03/05 22:35:32 apjwDY14 JOB-NORMAL-END
#
#*****************************************************************************************
シェルapjwDY14のリターン値：0
