#*****************************************************************************************
#
2013/04/04 14:43:24 apjwDY14 JOB-START
#
#*****************************************************************************************
#-----------------------------------------------------------------------------------------
# STEPID = 0010  START
#-----------------------------------------------------------------------------------------
#-----------------------------------------------------------------------------------------
# STEPID = 0010  NORMAL-END
#-----------------------------------------------------------------------------------------
#-----------------------------------------------------------------------------------------
# STEPID = 0020  START
#-----------------------------------------------------------------------------------------
2013/04/04 14:43:24 MDYB1403         Is Started.
2013/04/04 14:43:24 MDYB1403         Is Ended Normally.
RIYO_CMPCD=C000 KIJYUN_YMD=20130331 EXEC_ID=        KIDO_ID=    
#-----------------------------------------------------------------------------------------
# STEPID = 0020  NORMAL-END
#-----------------------------------------------------------------------------------------
#-----------------------------------------------------------------------------------------
# STEPID = 0030  START
#-----------------------------------------------------------------------------------------
2013/04/04 14:43:25 MDYB1401         Is Started.
2013/04/04 14:43:25 MDYB1401         Is Ended Normally.
RIYO_CMPCD=C000 KIJYUN_YMD=20130331 EXEC_ID=        KIDO_ID=    
#-----------------------------------------------------------------------------------------
# STEPID = 0030  NORMAL-END
#-----------------------------------------------------------------------------------------
#-----------------------------------------------------------------------------------------
# STEPID = 0040  START
#-----------------------------------------------------------------------------------------
AAAAAAAA_2011 AAAAAAAA_2011_MAX MOVE 開始 20130404144325

表が変更されました。

AAAAAAAA_2011 AAAAAAAA_2011_MAX MOVE 終了 20130404144336
AAAAAAAA_2011 AAAAAAAA_2011_MIN MOVE 開始 20130404144336

表が変更されました。

AAAAAAAA_2011 AAAAAAAA_2011_MIN MOVE 終了 20130404144346
CCCCCCCC_2012 CCCCCCCC_2012_MAX MOVE 開始 20130404144346

表が変更されました。

CCCCCCCC_2012 CCCCCCCC_2012_MAX MOVE 終了 20130404144400
CCCCCCCC_2012 CCCCCCCC_2012_MIN MOVE 開始 20130404144400

表が変更されました。

CCCCCCCC_2012 CCCCCCCC_2012_MIN MOVE 終了 20130404144406
CCCCCCCC_2012 CCCCCCCC_2012_TMP MOVE 開始 20130404144406

表が変更されました。

CCCCCCCC_2012 CCCCCCCC_2012_TMP MOVE 終了 20130404144406
DDDDDDDD_2012 DDDDDDDD_2012_MAX MOVE 開始 20130404144406

表が変更されました。

DDDDDDDD_2012 DDDDDDDD_2012_MAX MOVE 終了 20130404144407
DDDDDDDD_2012 DDDDDDDD_2012_MIN MOVE 開始 20130404144407

表が変更されました。

DDDDDDDD_2012 DDDDDDDD_2012_MIN MOVE 終了 20130404144410
DDDDDDDD_2012 DDDDDDDD_2012_TMP MOVE 開始 20130404144410

表が変更されました。

DDDDDDDD_2012 DDDDDDDD_2012_TMP MOVE 終了 20130404144410
EEEEEEEE_2012 EEEEEEEE_2012_201212 MOVE 開始 20130404144410

表が変更されました。

EEEEEEEE_2012 EEEEEEEE_2012_201212 MOVE 終了 20130404144412
EEEEEEEE_2012 EEEEEEEE_2012_201303 MOVE 開始 20130404144412

表が変更されました。

EEEEEEEE_2012 EEEEEEEE_2012_201303 MOVE 終了 20130404144412
#-----------------------------------------------------------------------------------------
# STEPID = 0040  NORMAL-END
#-----------------------------------------------------------------------------------------
#-----------------------------------------------------------------------------------------
# STEPID = 0050  START
#-----------------------------------------------------------------------------------------
2013/04/04 14:44:12 MDYB1402         Is Started.
2013/04/04 14:44:12 MDYB1402         Is Ended Normally.
RIYO_CMPCD=C000 KIJYUN_YMD=20130331 EXEC_ID=        KIDO_ID=    
#-----------------------------------------------------------------------------------------
# STEPID = 0050  NORMAL-END
#-----------------------------------------------------------------------------------------
#*****************************************************************************************
#
2013/04/04 14:44:12 apjwDY14 JOB-NORMAL-END
#
#*****************************************************************************************
シェルapjwDY14のリターン値：0
