#*****************************************************************************************
#
2013/01/23 10:44:03 BDYJ2001.sh JOB-START
#
#*****************************************************************************************
#-----------------------------------------------------------------------------------------
# STEPID = 0010  START
#-----------------------------------------------------------------------------------------
2013/01/23 10:44:03 MCZY7070         Is Started.
2013/01/23 10:44:03 MCZY7070         Is Ended Normally.
RIYO_CMPCD=1088 KIJYUN_YMD=20111126 EXEC_ID=TZ011DY KIDO_ID=0050
#-----------------------------------------------------------------------------------------
# STEPID = 0010  NORMAL-END
#-----------------------------------------------------------------------------------------
#-----------------------------------------------------------------------------------------
# STEPID = 0020  START
#-----------------------------------------------------------------------------------------
2013/01/23 10:44:03 MDYJ2001         Is Started.
2013/01/23 10:44:03 MDYJ2001         Is Ended Abnormally(System).
RIYO_CMPCD=1088 KIJYUN_YMD=20111126 EXEC_ID=TZ011DY KIDO_ID=0050
PGM=MDYJ2001         PSTN=0008 RTNCD=901
#-----------------------------------------------------------------------------------------
# STEPID = 0020  ABNORMAL-END
#-----------------------------------------------------------------------------------------
#-----------------------------------------------------------------------------------------
# STEPID = 0030  START
#-----------------------------------------------------------------------------------------
2013/01/23 10:44:03 MCZY7070         Is Started.
2013/01/23 10:44:04 MCZY7070         Is Ended Normally.
RIYO_CMPCD=1088 KIJYUN_YMD=20111126 EXEC_ID=TZ011DY KIDO_ID=0050
#-----------------------------------------------------------------------------------------
# STEPID = 0030  NORMAL-END
#-----------------------------------------------------------------------------------------
#*****************************************************************************************
#
2013/01/23 10:44:04 BDYJ2001.sh JOB-NORMAL-END
#
#*****************************************************************************************
