#*****************************************************************************************
#
2013/03/05 22:57:14 apjwDY14 JOB-START
#
#*****************************************************************************************
#-----------------------------------------------------------------------------------------
# STEPID = 0010  START
#-----------------------------------------------------------------------------------------
#-----------------------------------------------------------------------------------------
# STEPID = 0020  START
#-----------------------------------------------------------------------------------------
基準日=[20121120]
2013/03/05 22:57:14 MDYB1403         Is Started.
2013/03/05 22:57:14 MDYB1403         Is Ended Abnormally(System).
RIYO_CMPCD=C000 KIJYUN_YMD=20121120 EXEC_ID=        KIDO_ID=    
#-----------------------------------------------------------------------------------------
# STEPID = 0020  ABNORMAL-END
#-----------------------------------------------------------------------------------------
& INFO This is sendmsg process.
success
#*****************************************************************************************
#
2013/03/05 22:57:14 apjwDY14 JOB-ABNORMAL-END
#
#*****************************************************************************************
シェルapjwDY14のリターン値：1
