#*****************************************************************************************
#
2013/03/06 14:42:28 apjwDY14 JOB-START
#
#*****************************************************************************************
#-----------------------------------------------------------------------------------------
# STEPID = 0010  START
#-----------------------------------------------------------------------------------------
#-----------------------------------------------------------------------------------------
# STEPID = 0010  NORMAL-END
#-----------------------------------------------------------------------------------------
#-----------------------------------------------------------------------------------------
# STEPID = 0020  START
#-----------------------------------------------------------------------------------------
基準日=[20121120]
2013/03/06 14:42:28 MDYB1403         Is Started.
2013/03/06 14:42:28 MDYB1403         Is Ended Normally.
RIYO_CMPCD=C000 KIJYUN_YMD=20121120 EXEC_ID=        KIDO_ID=    
#-----------------------------------------------------------------------------------------
# STEPID = 0020  NORMAL-END
#-----------------------------------------------------------------------------------------
#-----------------------------------------------------------------------------------------
# STEPID = 0030  START
#-----------------------------------------------------------------------------------------
最適化MAX容量 =[10240]
基準日        =[20121120]
2013/03/06 14:42:29 MDYB1401         Is Started.
2013/03/06 14:42:29 MDYB1401         Is Ended Normally.
RIYO_CMPCD=C000 KIJYUN_YMD=20121120 EXEC_ID=        KIDO_ID=    
#-----------------------------------------------------------------------------------------
# STEPID = 0030  NORMAL-END
#-----------------------------------------------------------------------------------------
#-----------------------------------------------------------------------------------------
# STEPID = 0040  START
#-----------------------------------------------------------------------------------------
TKDYAA10 MOVE 開始 20130306144229

表が変更されました。

TKDYAA10 MOVE 終了 20130306144230
TKDYAA12 MOVE 開始 20130306144230

表が変更されました。

TKDYAA12 MOVE 終了 20130306144230
TKDYAA14 MOVE 開始 20130306144230

表が変更されました。

TKDYAA14 MOVE 終了 20130306144233
TKDYAA15 MOVE 開始 20130306144233

表が変更されました。

TKDYAA15 MOVE 終了 20130306144233
TKDYAA20 MOVE 開始 20130306144233

表が変更されました。

TKDYAA20 MOVE 終了 20130306144234
TKDYAA21 MOVE 開始 20130306144234

表が変更されました。

TKDYAA21 MOVE 終了 20130306144234
TKDYAA22 MOVE 開始 20130306144234

表が変更されました。

TKDYAA22 MOVE 終了 20130306144234
TKDYAA23 MOVE 開始 20130306144234

表が変更されました。

TKDYAA23 MOVE 終了 20130306144235
TKDYAA24 MOVE 開始 20130306144235

表が変更されました。

TKDYAA24 MOVE 終了 20130306144235
TKDYAA25 MOVE 開始 20130306144235

表が変更されました。

TKDYAA25 MOVE 終了 20130306144235
TKDYAA40_1003 MOVE 開始 20130306144235

表が変更されました。

TKDYAA40_1003 MOVE 終了 20130306144235
TKDYAA40_1006 MOVE 開始 20130306144235

表が変更されました。

TKDYAA40_1006 MOVE 終了 20130306144236
TKDYAA40_1008 MOVE 開始 20130306144236

表が変更されました。

TKDYAA40_1008 MOVE 終了 20130306144314
TKDYAA40_1009 MOVE 開始 20130306144314

表が変更されました。

TKDYAA40_1009 MOVE 終了 20130306144314
TKDYAA40_1018 MOVE 開始 20130306144314

表が変更されました。

TKDYAA40_1018 MOVE 終了 20130306144315
TKDYAA40_1020 MOVE 開始 20130306144315

表が変更されました。

TKDYAA40_1020 MOVE 終了 20130306144315
#-----------------------------------------------------------------------------------------
# STEPID = 0040  NORMAL-END
#-----------------------------------------------------------------------------------------
#-----------------------------------------------------------------------------------------
# STEPID = 0050  START
#-----------------------------------------------------------------------------------------
基準日=[20121120]
2013/03/06 14:43:15 MDYB1402         Is Started.
2013/03/06 14:43:15 MDYB1402         Is Ended Normally.
RIYO_CMPCD=C000 KIJYUN_YMD=20121120 EXEC_ID=        KIDO_ID=    
#-----------------------------------------------------------------------------------------
# STEPID = 0050  NORMAL-END
#-----------------------------------------------------------------------------------------
#*****************************************************************************************
#
2013/03/06 14:43:15 apjwDY14 JOB-NORMAL-END
#
#*****************************************************************************************
シェルapjwDY14のリターン値：0
