#*****************************************************************************************
#
2013/01/23 11:44:32 BDYJ2001.sh JOB-START
#
#*****************************************************************************************
#-----------------------------------------------------------------------------------------
# STEPID = 0010  START
#-----------------------------------------------------------------------------------------
2013/01/23 11:44:32 MCZY7070         Is Started.
2013/01/23 11:44:32 MCZY7070         Is Ended Normally.
RIYO_CMPCD=1088 KIJYUN_YMD=20111126 EXEC_ID=TZ011DY KIDO_ID=0051
#-----------------------------------------------------------------------------------------
# STEPID = 0010  NORMAL-END
#-----------------------------------------------------------------------------------------
#-----------------------------------------------------------------------------------------
# STEPID = 0020  START
#-----------------------------------------------------------------------------------------
2013/01/23 11:44:32 MDYJ2001         Is Started.
& INFO This is sendmsg process.
success
& INFO This is sendmsg process.
success
& INFO This is sendmsg process.
success
& INFO This is sendmsg process.
success
& INFO This is sendmsg process.
success
  TKDYAA64                                                                                                                                                                                                                                                         SELECT : 000000015
2013/01/23 11:44:33 MDYJ2001         Is Ended Normally.
RIYO_CMPCD=1088 KIJYUN_YMD=20111126 EXEC_ID=TZ011DY KIDO_ID=0051
#-----------------------------------------------------------------------------------------
# STEPID = 0020  NORMAL-END
#-----------------------------------------------------------------------------------------
#-----------------------------------------------------------------------------------------
# STEPID = 0030  START
#-----------------------------------------------------------------------------------------
2013/01/23 11:44:33 MCZY7070         Is Started.
2013/01/23 11:44:33 MCZY7070         Is Ended Normally.
RIYO_CMPCD=1088 KIJYUN_YMD=20111126 EXEC_ID=TZ011DY KIDO_ID=0051
#-----------------------------------------------------------------------------------------
# STEPID = 0030  NORMAL-END
#-----------------------------------------------------------------------------------------
#*****************************************************************************************
#
2013/01/23 11:44:33 BDYJ2001.sh JOB-NORMAL-END
#
#*****************************************************************************************
