#*****************************************************************************************
#
2013/03/26 10:02:08 apjwDY14 JOB-START
#
#*****************************************************************************************
#-----------------------------------------------------------------------------------------
# STEPID = 0010  START
#-----------------------------------------------------------------------------------------
#-----------------------------------------------------------------------------------------
# STEPID = 0010  NORMAL-END
#-----------------------------------------------------------------------------------------
#-----------------------------------------------------------------------------------------
# STEPID = 0020  START
#-----------------------------------------------------------------------------------------
2013/03/26 10:02:08 MDYB1403         Is Started.
2013/03/26 10:02:08 MDYB1403         Is Ended Normally.
RIYO_CMPCD=C000 KIJYUN_YMD=20130331 EXEC_ID=        KIDO_ID=    
#-----------------------------------------------------------------------------------------
# STEPID = 0020  NORMAL-END
#-----------------------------------------------------------------------------------------
#-----------------------------------------------------------------------------------------
# STEPID = 0030  START
#-----------------------------------------------------------------------------------------
2013/03/26 10:02:08 MDYB1401         Is Started.
2013/03/26 10:02:09 MDYB1401         Is Ended Normally.
RIYO_CMPCD=C000 KIJYUN_YMD=20130331 EXEC_ID=        KIDO_ID=    
#-----------------------------------------------------------------------------------------
# STEPID = 0030  NORMAL-END
#-----------------------------------------------------------------------------------------
#-----------------------------------------------------------------------------------------
# STEPID = 0040  START
#-----------------------------------------------------------------------------------------
TKDYAA40_1003 MOVE 開始 20130326100209

表が変更されました。

TKDYAA40_1003 MOVE 終了 20130326100209
TKDYAA40_1006 MOVE 開始 20130326100209

表が変更されました。

TKDYAA40_1006 MOVE 終了 20130326100209
TKDYAA40_1008 MOVE 開始 20130326100209

表が変更されました。

TKDYAA40_1008 MOVE 終了 20130326100230
TKDYAA40_1009 MOVE 開始 20130326100230

表が変更されました。

TKDYAA40_1009 MOVE 終了 20130326100230
TKDYAA40_1018 MOVE 開始 20130326100230

表が変更されました。

TKDYAA40_1018 MOVE 終了 20130326100230
TKDYAA40_1020 MOVE 開始 20130326100230

表が変更されました。

TKDYAA40_1020 MOVE 終了 20130326100230
TKDYAA40_1025 MOVE 開始 20130326100230

表が変更されました。

TKDYAA40_1025 MOVE 終了 20130326100230
TKDYAA40_1042 MOVE 開始 20130326100230

表が変更されました。

TKDYAA40_1042 MOVE 終了 20130326100230
TKDYAA40_1088 MOVE 開始 20130326100230

表が変更されました。

TKDYAA40_1088 MOVE 終了 20130326100230
TKDYAA40_1501 MOVE 開始 20130326100230

表が変更されました。

TKDYAA40_1501 MOVE 終了 20130326100230
TKDYAA40_1515 MOVE 開始 20130326100230

表が変更されました。

TKDYAA40_1515 MOVE 終了 20130326100231
TKDYAA40_1777 MOVE 開始 20130326100231

表が変更されました。

TKDYAA40_1777 MOVE 終了 20130326100231
TKDYAA40_1888 MOVE 開始 20130326100231

表が変更されました。

TKDYAA40_1888 MOVE 終了 20130326100231
TKDYAA31 MOVE 開始 20130326100231

表が変更されました。

TKDYAA31 MOVE 終了 20130326100231
#-----------------------------------------------------------------------------------------
# STEPID = 0040  NORMAL-END
#-----------------------------------------------------------------------------------------
#-----------------------------------------------------------------------------------------
# STEPID = 0050  START
#-----------------------------------------------------------------------------------------
2013/03/26 10:02:31 MDYB1402         Is Started.
2013/03/26 10:02:31 MDYB1402         Is Ended Normally.
RIYO_CMPCD=C000 KIJYUN_YMD=20130331 EXEC_ID=        KIDO_ID=    
#-----------------------------------------------------------------------------------------
# STEPID = 0050  NORMAL-END
#-----------------------------------------------------------------------------------------
#*****************************************************************************************
#
2013/03/26 10:02:31 apjwDY14 JOB-NORMAL-END
#
#*****************************************************************************************
シェルapjwDY14のリターン値：0
