#*****************************************************************************************
#
2013/02/27 13:55:25 apjxC000UB89 JOB-START
#
#*****************************************************************************************
実行基準日 ＝  20130302
#-----------------------------------------------------------------------------------------
# STEPID = 0010  START
#-----------------------------------------------------------------------------------------
システム[th_RXAPLBT1]作成開始・・・
システム[th_RXAPLBT1]作成完了
システム[th_RXAPLBT2]作成開始・・・
システム[th_RXAPLBT2]は一部もしくは全てのフレームが非運用日のため登録されないフレームが存在するか、システム作成を行いません
システム[th_RXAPLBT3]作成開始・・・
システム[th_RXAPLBT3]は一部もしくは全てのフレームが非運用日のため登録されないフレームが存在するか、システム作成を行いません
システム[th_RX祝日BT]作成開始・・・
システム[th_RX祝日BT]は一部もしくは全てのフレームが非運用日のため登録されないフレームが存在するか、システム作成を行いません
システム[th_RX土曜日BT]作成開始・・・
システム[th_RX土曜日BT]作成完了
#-----------------------------------------------------------------------------------------
# STEPID = 0010  NORMAL-END
#-----------------------------------------------------------------------------------------
#-----------------------------------------------------------------------------------------
# STEPID = 0020  START
#-----------------------------------------------------------------------------------------
システム[th_RXAPLBT1]GENチェック・・・
システム[th_RXAPLBT1]は投入対象です
システム[th_RXAPLBT2]GENチェック・・・
システム[th_RXAPLBT2]は非運用日のためフレーム投入は行いません
システム[th_RXAPLBT3]GENチェック・・・
システム[th_RXAPLBT3]は非運用日のためフレーム投入は行いません
システム[th_RX祝日BT]GENチェック・・・
システム[th_RX祝日BT]は非運用日のためフレーム投入は行いません
システム[th_RX土曜日BT]GENチェック・・・
システム[th_RX土曜日BT]は投入対象です
#-----------------------------------------------------------------------------------------
# STEPID = 0020  NORMAL-END
#-----------------------------------------------------------------------------------------
#-----------------------------------------------------------------------------------------
# STEPID = 0030  START
#-----------------------------------------------------------------------------------------
/ext02/rx/4999/work/20130227.th_RXAPLBT2.apfdC000_200RX.txt
apfdC000_200RX - apndC000DY20～後続SKIP指定・・・
運用日付（20130302）のフレーム（apfdC000_200RX）はスケジュール登録されていません。
apfdC000_200RX - apndC000DY23：拠点印刷監視プロセス停止処理SKIP指定・・・
運用日付（20130302）のフレーム（apfdC000_200RX）はスケジュール登録されていません。
/ext02/rx/4999/work/20130227.th_RXAPLBT3.apfd1000_100RX.txt
apfd1000_100RX - apndC000JC10:ＧＤＢ接続処理SKIP指定・・・
運用日付（20130302）のフレーム（apfd1000_100RX）はスケジュール登録されていません。
平日会社別フレームのデフォルトSKIP指定処理開始・・・
会社規模ファイルから取得した会社コード：1002
平日会社別フレームapfd1002_100RXは投入対象外
会社規模ファイルから取得した会社コード：1008
/ext02/rx/4999/work/20130227.th_RXAPLBT3.apfd1008_100RX.txt
apfd1008_100RX - apndC000JC11 - apjdC000JC42:直近保有銘柄リスト作成処理SKIP指定・・・
運用日付（20130302）のフレーム（apfd1008_100RX）はスケジュール登録されていません。
apfd1008_100RX - apndC000JC12 - apjdC000JC43:直近保有銘柄リストFTP処理SKIP指定・・・
運用日付（20130302）のフレーム（apfd1008_100RX）はスケジュール登録されていません。
会社規模ファイルから取得した会社コード：1012
平日会社別フレームapfd1012_100RXは投入対象外
会社規模ファイルから取得した会社コード：1054
平日会社別フレームapfd1054_100RXは投入対象外
会社規模ファイルから取得した会社コード：1088
/ext02/rx/4999/work/20130227.th_RXAPLBT3.apfd1088_100RX.txt
apfd1088_100RX - apndC000JC11 - apjdC000JC42:直近保有銘柄リスト作成処理SKIP指定・・・
運用日付（20130302）のフレーム（apfd1088_100RX）はスケジュール登録されていません。
apfd1088_100RX - apndC000JC12 - apjdC000JC43:直近保有銘柄リストFTP処理SKIP指定・・・
運用日付（20130302）のフレーム（apfd1088_100RX）はスケジュール登録されていません。
会社規模ファイルから取得した会社コード：1018
平日会社別フレームapfd1018_100RXは投入対象外
会社規模ファイルから取得した会社コード：1020
/ext02/rx/4999/work/20130227.th_RXAPLBT3.apfd1020_100RX.txt
apfd1020_100RX - apndC000JC11 - apjdC000JC42:直近保有銘柄リスト作成処理SKIP指定・・・
運用日付（20130302）のフレーム（apfd1020_100RX）はスケジュール登録されていません。
apfd1020_100RX - apndC000JC12 - apjdC000JC43:直近保有銘柄リストFTP処理SKIP指定・・・
運用日付（20130302）のフレーム（apfd1020_100RX）はスケジュール登録されていません。
会社規模ファイルから取得した会社コード：1025
平日会社別フレームapfd1025_100RXは投入対象外
会社規模ファイルから取得した会社コード：1034
/ext02/rx/4999/work/20130227.th_RXAPLBT3.apfd1034_100RX.txt
apfd1034_100RX - apndC000JC11 - apjdC000JC42:直近保有銘柄リスト作成処理SKIP指定・・・
運用日付（20130302）のフレーム（apfd1034_100RX）はスケジュール登録されていません。
apfd1034_100RX - apndC000JC12 - apjdC000JC43:直近保有銘柄リストFTP処理SKIP指定・・・
運用日付（20130302）のフレーム（apfd1034_100RX）はスケジュール登録されていません。
会社規模ファイルから取得した会社コード：1042
平日会社別フレームapfd1042_100RXは投入対象外
会社規模ファイルから取得した会社コード：1053
平日会社別フレームapfd1053_100RXは投入対象外
会社規模ファイルから取得した会社コード：1085
平日会社別フレームapfd1085_100RXは投入対象外
会社規模ファイルから取得した会社コード：1086
/ext02/rx/4999/work/20130227.th_RXAPLBT3.apfd1086_100RX.txt
apfd1086_100RX - apndC000JC11 - apjdC000JC42:直近保有銘柄リスト作成処理SKIP指定・・・
運用日付（20130302）のフレーム（apfd1086_100RX）はスケジュール登録されていません。
apfd1086_100RX - apndC000JC12 - apjdC000JC43:直近保有銘柄リストFTP処理SKIP指定・・・
運用日付（20130302）のフレーム（apfd1086_100RX）はスケジュール登録されていません。
会社規模ファイルから取得した会社コード：1507
/ext02/rx/4999/work/20130227.th_RXAPLBT3.apfd1507_100RX.txt
apfd1507_100RX - apndC000JC11 - apjdC000JC42:直近保有銘柄リスト作成処理SKIP指定・・・
運用日付（20130302）のフレーム（apfd1507_100RX）はスケジュール登録されていません。
apfd1507_100RX - apndC000JC12 - apjdC000JC43:直近保有銘柄リストFTP処理SKIP指定・・・
運用日付（20130302）のフレーム（apfd1507_100RX）はスケジュール登録されていません。
会社規模ファイルから取得した会社コード：1508
平日会社別フレームapfd1508_100RXは投入対象外
会社規模ファイルから取得した会社コード：1509
平日会社別フレームapfd1509_100RXは投入対象外
会社規模ファイルから取得した会社コード：1515
/ext02/rx/4999/work/20130227.th_RXAPLBT3.apfd1515_100RX.txt
apfd1515_100RX - apndC000JC11 - apjdC000JC42:直近保有銘柄リスト作成処理SKIP指定・・・
運用日付（20130302）のフレーム（apfd1515_100RX）はスケジュール登録されていません。
apfd1515_100RX - apndC000JC12 - apjdC000JC43:直近保有銘柄リストFTP処理SKIP指定・・・
運用日付（20130302）のフレーム（apfd1515_100RX）はスケジュール登録されていません。
会社規模ファイルから取得した会社コード：1777
/ext02/rx/4999/work/20130227.th_RXAPLBT3.apfd1777_100RX.txt
apfd1777_100RX - apndC000JC11 - apjdC000JC42:直近保有銘柄リスト作成処理SKIP指定・・・
運用日付（20130302）のフレーム（apfd1777_100RX）はスケジュール登録されていません。
apfd1777_100RX - apndC000JC12 - apjdC000JC43:直近保有銘柄リストFTP処理SKIP指定・・・
運用日付（20130302）のフレーム（apfd1777_100RX）はスケジュール登録されていません。
会社規模ファイルから取得した会社コード：1888
/ext02/rx/4999/work/20130227.th_RXAPLBT3.apfd1888_100RX.txt
apfd1888_100RX - apndC000JC11 - apjdC000JC42:直近保有銘柄リスト作成処理SKIP指定・・・
運用日付（20130302）のフレーム（apfd1888_100RX）はスケジュール登録されていません。
apfd1888_100RX - apndC000JC12 - apjdC000JC43:直近保有銘柄リストFTP処理SKIP指定・・・
運用日付（20130302）のフレーム（apfd1888_100RX）はスケジュール登録されていません。
会社規模ファイルから取得した会社コード：1003
/ext02/rx/4999/work/20130227.th_RXAPLBT3.apfd1003_100RX.txt
apfd1003_100RX - apndC000JC11 - apjdC000JC42:直近保有銘柄リスト作成処理SKIP指定・・・
運用日付（20130302）のフレーム（apfd1003_100RX）はスケジュール登録されていません。
apfd1003_100RX - apndC000JC12 - apjdC000JC43:直近保有銘柄リストFTP処理SKIP指定・・・
運用日付（20130302）のフレーム（apfd1003_100RX）はスケジュール登録されていません。
会社規模ファイルから取得した会社コード：1006
/ext02/rx/4999/work/20130227.th_RXAPLBT3.apfd1006_100RX.txt
apfd1006_100RX - apndC000JC11 - apjdC000JC42:直近保有銘柄リスト作成処理SKIP指定・・・
運用日付（20130302）のフレーム（apfd1006_100RX）はスケジュール登録されていません。
apfd1006_100RX - apndC000JC12 - apjdC000JC43:直近保有銘柄リストFTP処理SKIP指定・・・
運用日付（20130302）のフレーム（apfd1006_100RX）はスケジュール登録されていません。
会社規模ファイルから取得した会社コード：1009
/ext02/rx/4999/work/20130227.th_RXAPLBT3.apfd1009_100RX.txt
apfd1009_100RX - apndC000JC11 - apjdC000JC42:直近保有銘柄リスト作成処理SKIP指定・・・
運用日付（20130302）のフレーム（apfd1009_100RX）はスケジュール登録されていません。
apfd1009_100RX - apndC000JC12 - apjdC000JC43:直近保有銘柄リストFTP処理SKIP指定・・・
運用日付（20130302）のフレーム（apfd1009_100RX）はスケジュール登録されていません。
会社規模ファイルから取得した会社コード：1033
平日会社別フレームapfd1033_100RXは投入対象外
会社規模ファイルから取得した会社コード：1059
平日会社別フレームapfd1059_100RXは投入対象外
会社規模ファイルから取得した会社コード：1078
平日会社別フレームapfd1078_100RXは投入対象外
会社規模ファイルから取得した会社コード：1143
平日会社別フレームapfd1143_100RXは投入対象外
会社規模ファイルから取得した会社コード：1504
平日会社別フレームapfd1504_100RXは投入対象外
会社規模ファイルから取得した会社コード：1506
平日会社別フレームapfd1506_100RXは投入対象外
会社規模ファイルから取得した会社コード：1514
平日会社別フレームapfd1514_100RXは投入対象外
/ext02/rx/4999/work/20130223.th_RXﾅﾚﾍﾋﾆ魲T.apfwC000_20RXH.txt
/ext02/rx/4999/work/20130302.th_RXﾅﾚﾍﾋﾆ魲T.apfwC000_20RXH.txt
apfwC000_20RXH - apndC000DY20～後続SKIP指定・・・
運用日付（20130302）のフレーム（apfwC000_20RXH）のネット（apndC000DY20）はスキップが指定されました。
運用日付（20130302）のフレーム（apfwC000_20RXH）のネット（apndC000DY21）はスキップが指定されました。
運用日付（20130302）のフレーム（apfwC000_20RXH）のネット（apndDY20++++）はスキップが指定されました。
運用日付（20130302）のフレーム（apfwC000_20RXH）のネット（apndDY21++++）はスキップが指定されました。
運用日付（20130302）のフレーム（apfwC000_20RXH）のネット（apfwC000_20RXH）のジョブ（apjdC000DY07）はスキップが指定されました。
運用日付（20130302）のフレーム（apfwC000_20RXH）のネット（apfwC000_20RXH）のジョブ（apjdC000DM02）はスキップが指定されました。
apfwC000_20RXH - apndC000DY23：拠点印刷監視プロセス停止処理SKIP指定・・・
運用日付（20130302）のフレーム（apfwC000_20RXH）のネット（apndC000DY23）はスキップが指定されました。
土曜会社別フレームのデフォルトSKIP指定処理開始・・・
会社規模ファイルから取得した会社コード：1002
土曜会社別フレームapfw1002_10RXHは投入対象外
会社規模ファイルから取得した会社コード：1008
/ext02/rx/4999/work/20130223.th_RXﾅﾚﾍﾋﾆ魲T.apfw1008_10RXH.txt
/ext02/rx/4999/work/20130302.th_RXﾅﾚﾍﾋﾆ魲T.apfw1008_10RXH.txt
apfw1008_10RXH - apnwC000DY10 - apjmC000DY13:進捗管理データ削除処理SKIP指定・・・
運用日付（20130302）のフレーム（apfw1008_10RXH）のネット（apnwC000DY10）のジョブ（apjmC000DY13）にスキップが指定されました。
apfw1008_10RXH - apnwC000DY10 - apjmC000DY54:時価・為替バックアップ取得処理SKIP指定・・・
運用日付（20130302）のフレーム（apfw1008_10RXH）のネット（apnwC000DY10）のジョブ（apjmC000DY54）にスキップが指定されました。
apfw1008_10RXH - apnwC000DY10 - apjmC000DY55:時価・為替バックアップ配信処理SKIP指定・・・
運用日付（20130302）のフレーム（apfw1008_10RXH）のネット（apnwC000DY10）のジョブ（apjmC000DY55）にスキップが指定されました。
apfw1008_10RXH - apnwC000DY10 - apjmC000DY50:業務データ削除処理SKIP指定・・・
運用日付（20130302）のフレーム（apfw1008_10RXH）のネット（apnwC000DY10）のジョブ（apjmC000DY50）にスキップが指定されました。
apfw1008_10RXH - apnwC000DY10 - apjmC000DY17:パーティション削除処理SKIP指定・・・
運用日付（20130302）のフレーム（apfw1008_10RXH）のネット（apnwC000DY10）のジョブ（apjmC000DY17）にスキップが指定されました。
会社規模ファイルから取得した会社コード：1012
土曜会社別フレームapfw1012_10RXHは投入対象外
会社規模ファイルから取得した会社コード：1054
土曜会社別フレームapfw1054_10RXHは投入対象外
会社規模ファイルから取得した会社コード：1088
/ext02/rx/4999/work/20130223.th_RXﾅﾚﾍﾋﾆ魲T.apfw1088_10RXH.txt
/ext02/rx/4999/work/20130302.th_RXﾅﾚﾍﾋﾆ魲T.apfw1088_10RXH.txt
apfw1088_10RXH - apnwC000DY10 - apjmC000DY13:進捗管理データ削除処理SKIP指定・・・
運用日付（20130302）のフレーム（apfw1088_10RXH）のネット（apnwC000DY10）のジョブ（apjmC000DY13）にスキップが指定されました。
apfw1088_10RXH - apnwC000DY10 - apjmC000DY54:時価・為替バックアップ取得処理SKIP指定・・・
運用日付（20130302）のフレーム（apfw1088_10RXH）のネット（apnwC000DY10）のジョブ（apjmC000DY54）にスキップが指定されました。
apfw1088_10RXH - apnwC000DY10 - apjmC000DY55:時価・為替バックアップ配信処理SKIP指定・・・
運用日付（20130302）のフレーム（apfw1088_10RXH）のネット（apnwC000DY10）のジョブ（apjmC000DY55）にスキップが指定されました。
apfw1088_10RXH - apnwC000DY10 - apjmC000DY50:業務データ削除処理SKIP指定・・・
運用日付（20130302）のフレーム（apfw1088_10RXH）のネット（apnwC000DY10）のジョブ（apjmC000DY50）にスキップが指定されました。
apfw1088_10RXH - apnwC000DY10 - apjmC000DY17:パーティション削除処理SKIP指定・・・
運用日付（20130302）のフレーム（apfw1088_10RXH）のネット（apnwC000DY10）のジョブ（apjmC000DY17）にスキップが指定されました。
会社規模ファイルから取得した会社コード：1018
土曜会社別フレームapfw1018_10RXHは投入対象外
会社規模ファイルから取得した会社コード：1020
/ext02/rx/4999/work/20130223.th_RXﾅﾚﾍﾋﾆ魲T.apfw1020_10RXH.txt
/ext02/rx/4999/work/20130302.th_RXﾅﾚﾍﾋﾆ魲T.apfw1020_10RXH.txt
apfw1020_10RXH - apnwC000DY10 - apjmC000DY13:進捗管理データ削除処理SKIP指定・・・
運用日付（20130302）のフレーム（apfw1020_10RXH）のネット（apnwC000DY10）のジョブ（apjmC000DY13）にスキップが指定されました。
apfw1020_10RXH - apnwC000DY10 - apjmC000DY54:時価・為替バックアップ取得処理SKIP指定・・・
運用日付（20130302）のフレーム（apfw1020_10RXH）のネット（apnwC000DY10）のジョブ（apjmC000DY54）にスキップが指定されました。
apfw1020_10RXH - apnwC000DY10 - apjmC000DY55:時価・為替バックアップ配信処理SKIP指定・・・
運用日付（20130302）のフレーム（apfw1020_10RXH）のネット（apnwC000DY10）のジョブ（apjmC000DY55）にスキップが指定されました。
apfw1020_10RXH - apnwC000DY10 - apjmC000DY50:業務データ削除処理SKIP指定・・・
運用日付（20130302）のフレーム（apfw1020_10RXH）のネット（apnwC000DY10）のジョブ（apjmC000DY50）にスキップが指定されました。
apfw1020_10RXH - apnwC000DY10 - apjmC000DY17:パーティション削除処理SKIP指定・・・
運用日付（20130302）のフレーム（apfw1020_10RXH）のネット（apnwC000DY10）のジョブ（apjmC000DY17）にスキップが指定されました。
会社規模ファイルから取得した会社コード：1025
土曜会社別フレームapfw1025_10RXHは投入対象外
会社規模ファイルから取得した会社コード：1034
/ext02/rx/4999/work/20130223.th_RXﾅﾚﾍﾋﾆ魲T.apfw1034_10RXH.txt
/ext02/rx/4999/work/20130302.th_RXﾅﾚﾍﾋﾆ魲T.apfw1034_10RXH.txt
apfw1034_10RXH - apnwC000DY10 - apjmC000DY13:進捗管理データ削除処理SKIP指定・・・
運用日付（20130302）のフレーム（apfw1034_10RXH）のネット（apnwC000DY10）のジョブ（apjmC000DY13）にスキップが指定されました。
apfw1034_10RXH - apnwC000DY10 - apjmC000DY54:時価・為替バックアップ取得処理SKIP指定・・・
運用日付（20130302）のフレーム（apfw1034_10RXH）のネット（apnwC000DY10）のジョブ（apjmC000DY54）にスキップが指定されました。
apfw1034_10RXH - apnwC000DY10 - apjmC000DY55:時価・為替バックアップ配信処理SKIP指定・・・
運用日付（20130302）のフレーム（apfw1034_10RXH）のネット（apnwC000DY10）のジョブ（apjmC000DY55）にスキップが指定されました。
apfw1034_10RXH - apnwC000DY10 - apjmC000DY50:業務データ削除処理SKIP指定・・・
運用日付（20130302）のフレーム（apfw1034_10RXH）のネット（apnwC000DY10）のジョブ（apjmC000DY50）にスキップが指定されました。
apfw1034_10RXH - apnwC000DY10 - apjmC000DY17:パーティション削除処理SKIP指定・・・
運用日付（20130302）のフレーム（apfw1034_10RXH）のネット（apnwC000DY10）のジョブ（apjmC000DY17）にスキップが指定されました。
会社規模ファイルから取得した会社コード：1042
土曜会社別フレームapfw1042_10RXHは投入対象外
会社規模ファイルから取得した会社コード：1053
土曜会社別フレームapfw1053_10RXHは投入対象外
会社規模ファイルから取得した会社コード：1085
土曜会社別フレームapfw1085_10RXHは投入対象外
会社規模ファイルから取得した会社コード：1086
/ext02/rx/4999/work/20130223.th_RXﾅﾚﾍﾋﾆ魲T.apfw1086_10RXH.txt
/ext02/rx/4999/work/20130302.th_RXﾅﾚﾍﾋﾆ魲T.apfw1086_10RXH.txt
apfw1086_10RXH - apnwC000DY10 - apjmC000DY13:進捗管理データ削除処理SKIP指定・・・
運用日付（20130302）のフレーム（apfw1086_10RXH）のネット（apnwC000DY10）のジョブ（apjmC000DY13）にスキップが指定されました。
apfw1086_10RXH - apnwC000DY10 - apjmC000DY54:時価・為替バックアップ取得処理SKIP指定・・・
運用日付（20130302）のフレーム（apfw1086_10RXH）のネット（apnwC000DY10）のジョブ（apjmC000DY54）にスキップが指定されました。
apfw1086_10RXH - apnwC000DY10 - apjmC000DY55:時価・為替バックアップ配信処理SKIP指定・・・
運用日付（20130302）のフレーム（apfw1086_10RXH）のネット（apnwC000DY10）のジョブ（apjmC000DY55）にスキップが指定されました。
apfw1086_10RXH - apnwC000DY10 - apjmC000DY50:業務データ削除処理SKIP指定・・・
運用日付（20130302）のフレーム（apfw1086_10RXH）のネット（apnwC000DY10）のジョブ（apjmC000DY50）にスキップが指定されました。
apfw1086_10RXH - apnwC000DY10 - apjmC000DY17:パーティション削除処理SKIP指定・・・
運用日付（20130302）のフレーム（apfw1086_10RXH）のネット（apnwC000DY10）のジョブ（apjmC000DY17）にスキップが指定されました。
会社規模ファイルから取得した会社コード：1507
/ext02/rx/4999/work/20130223.th_RXﾅﾚﾍﾋﾆ魲T.apfw1507_10RXH.txt
/ext02/rx/4999/work/20130302.th_RXﾅﾚﾍﾋﾆ魲T.apfw1507_10RXH.txt
apfw1507_10RXH - apnwC000DY10 - apjmC000DY13:進捗管理データ削除処理SKIP指定・・・
運用日付（20130302）のフレーム（apfw1507_10RXH）のネット（apnwC000DY10）のジョブ（apjmC000DY13）にスキップが指定されました。
apfw1507_10RXH - apnwC000DY10 - apjmC000DY54:時価・為替バックアップ取得処理SKIP指定・・・
運用日付（20130302）のフレーム（apfw1507_10RXH）のネット（apnwC000DY10）のジョブ（apjmC000DY54）にスキップが指定されました。
apfw1507_10RXH - apnwC000DY10 - apjmC000DY55:時価・為替バックアップ配信処理SKIP指定・・・
運用日付（20130302）のフレーム（apfw1507_10RXH）のネット（apnwC000DY10）のジョブ（apjmC000DY55）にスキップが指定されました。
apfw1507_10RXH - apnwC000DY10 - apjmC000DY50:業務データ削除処理SKIP指定・・・
運用日付（20130302）のフレーム（apfw1507_10RXH）のネット（apnwC000DY10）のジョブ（apjmC000DY50）にスキップが指定されました。
apfw1507_10RXH - apnwC000DY10 - apjmC000DY17:パーティション削除処理SKIP指定・・・
運用日付（20130302）のフレーム（apfw1507_10RXH）のネット（apnwC000DY10）のジョブ（apjmC000DY17）にスキップが指定されました。
会社規模ファイルから取得した会社コード：1508
土曜会社別フレームapfw1508_10RXHは投入対象外
会社規模ファイルから取得した会社コード：1509
土曜会社別フレームapfw1509_10RXHは投入対象外
会社規模ファイルから取得した会社コード：1515
/ext02/rx/4999/work/20130223.th_RXﾅﾚﾍﾋﾆ魲T.apfw1515_10RXH.txt
/ext02/rx/4999/work/20130302.th_RXﾅﾚﾍﾋﾆ魲T.apfw1515_10RXH.txt
apfw1515_10RXH - apnwC000DY10 - apjmC000DY13:進捗管理データ削除処理SKIP指定・・・
運用日付（20130302）のフレーム（apfw1515_10RXH）のネット（apnwC000DY10）のジョブ（apjmC000DY13）にスキップが指定されました。
apfw1515_10RXH - apnwC000DY10 - apjmC000DY54:時価・為替バックアップ取得処理SKIP指定・・・
運用日付（20130302）のフレーム（apfw1515_10RXH）のネット（apnwC000DY10）のジョブ（apjmC000DY54）にスキップが指定されました。
apfw1515_10RXH - apnwC000DY10 - apjmC000DY55:時価・為替バックアップ配信処理SKIP指定・・・
運用日付（20130302）のフレーム（apfw1515_10RXH）のネット（apnwC000DY10）のジョブ（apjmC000DY55）にスキップが指定されました。
apfw1515_10RXH - apnwC000DY10 - apjmC000DY50:業務データ削除処理SKIP指定・・・
運用日付（20130302）のフレーム（apfw1515_10RXH）のネット（apnwC000DY10）のジョブ（apjmC000DY50）にスキップが指定されました。
apfw1515_10RXH - apnwC000DY10 - apjmC000DY17:パーティション削除処理SKIP指定・・・
運用日付（20130302）のフレーム（apfw1515_10RXH）のネット（apnwC000DY10）のジョブ（apjmC000DY17）にスキップが指定されました。
会社規模ファイルから取得した会社コード：1777
/ext02/rx/4999/work/20130223.th_RXﾅﾚﾍﾋﾆ魲T.apfw1777_10RXH.txt
/ext02/rx/4999/work/20130302.th_RXﾅﾚﾍﾋﾆ魲T.apfw1777_10RXH.txt
apfw1777_10RXH - apnwC000DY10 - apjmC000DY13:進捗管理データ削除処理SKIP指定・・・
運用日付（20130302）のフレーム（apfw1777_10RXH）のネット（apnwC000DY10）のジョブ（apjmC000DY13）にスキップが指定されました。
apfw1777_10RXH - apnwC000DY10 - apjmC000DY54:時価・為替バックアップ取得処理SKIP指定・・・
運用日付（20130302）のフレーム（apfw1777_10RXH）のネット（apnwC000DY10）のジョブ（apjmC000DY54）にスキップが指定されました。
apfw1777_10RXH - apnwC000DY10 - apjmC000DY55:時価・為替バックアップ配信処理SKIP指定・・・
運用日付（20130302）のフレーム（apfw1777_10RXH）のネット（apnwC000DY10）のジョブ（apjmC000DY55）にスキップが指定されました。
apfw1777_10RXH - apnwC000DY10 - apjmC000DY50:業務データ削除処理SKIP指定・・・
運用日付（20130302）のフレーム（apfw1777_10RXH）のネット（apnwC000DY10）のジョブ（apjmC000DY50）にスキップが指定されました。
apfw1777_10RXH - apnwC000DY10 - apjmC000DY17:パーティション削除処理SKIP指定・・・
運用日付（20130302）のフレーム（apfw1777_10RXH）のネット（apnwC000DY10）のジョブ（apjmC000DY17）にスキップが指定されました。
会社規模ファイルから取得した会社コード：1888
/ext02/rx/4999/work/20130223.th_RXﾅﾚﾍﾋﾆ魲T.apfw1888_10RXH.txt
/ext02/rx/4999/work/20130302.th_RXﾅﾚﾍﾋﾆ魲T.apfw1888_10RXH.txt
apfw1888_10RXH - apnwC000DY10 - apjmC000DY13:進捗管理データ削除処理SKIP指定・・・
運用日付（20130302）のフレーム（apfw1888_10RXH）のネット（apnwC000DY10）のジョブ（apjmC000DY13）にスキップが指定されました。
apfw1888_10RXH - apnwC000DY10 - apjmC000DY54:時価・為替バックアップ取得処理SKIP指定・・・
運用日付（20130302）のフレーム（apfw1888_10RXH）のネット（apnwC000DY10）のジョブ（apjmC000DY54）にスキップが指定されました。
apfw1888_10RXH - apnwC000DY10 - apjmC000DY55:時価・為替バックアップ配信処理SKIP指定・・・
運用日付（20130302）のフレーム（apfw1888_10RXH）のネット（apnwC000DY10）のジョブ（apjmC000DY55）にスキップが指定されました。
apfw1888_10RXH - apnwC000DY10 - apjmC000DY50:業務データ削除処理SKIP指定・・・
運用日付（20130302）のフレーム（apfw1888_10RXH）のネット（apnwC000DY10）のジョブ（apjmC000DY50）にスキップが指定されました。
apfw1888_10RXH - apnwC000DY10 - apjmC000DY17:パーティション削除処理SKIP指定・・・
運用日付（20130302）のフレーム（apfw1888_10RXH）のネット（apnwC000DY10）のジョブ（apjmC000DY17）にスキップが指定されました。
会社規模ファイルから取得した会社コード：1003
/ext02/rx/4999/work/20130223.th_RXﾅﾚﾍﾋﾆ魲T.apfw1003_10RXH.txt
/ext02/rx/4999/work/20130302.th_RXﾅﾚﾍﾋﾆ魲T.apfw1003_10RXH.txt
apfw1003_10RXH - apnwC000DY10 - apjmC000DY13:進捗管理データ削除処理SKIP指定・・・
運用日付（20130302）のフレーム（apfw1003_10RXH）のネット（apnwC000DY10）のジョブ（apjmC000DY13）にスキップが指定されました。
apfw1003_10RXH - apnwC000DY10 - apjmC000DY54:時価・為替バックアップ取得処理SKIP指定・・・
運用日付（20130302）のフレーム（apfw1003_10RXH）のネット（apnwC000DY10）のジョブ（apjmC000DY54）にスキップが指定されました。
apfw1003_10RXH - apnwC000DY10 - apjmC000DY55:時価・為替バックアップ配信処理SKIP指定・・・
運用日付（20130302）のフレーム（apfw1003_10RXH）のネット（apnwC000DY10）のジョブ（apjmC000DY55）にスキップが指定されました。
apfw1003_10RXH - apnwC000DY10 - apjmC000DY50:業務データ削除処理SKIP指定・・・
運用日付（20130302）のフレーム（apfw1003_10RXH）のネット（apnwC000DY10）のジョブ（apjmC000DY50）にスキップが指定されました。
apfw1003_10RXH - apnwC000DY10 - apjmC000DY17:パーティション削除処理SKIP指定・・・
運用日付（20130302）のフレーム（apfw1003_10RXH）のネット（apnwC000DY10）のジョブ（apjmC000DY17）にスキップが指定されました。
会社規模ファイルから取得した会社コード：1006
/ext02/rx/4999/work/20130223.th_RXﾅﾚﾍﾋﾆ魲T.apfw1006_10RXH.txt
/ext02/rx/4999/work/20130302.th_RXﾅﾚﾍﾋﾆ魲T.apfw1006_10RXH.txt
apfw1006_10RXH - apnwC000DY10 - apjmC000DY13:進捗管理データ削除処理SKIP指定・・・
運用日付（20130302）のフレーム（apfw1006_10RXH）のネット（apnwC000DY10）のジョブ（apjmC000DY13）にスキップが指定されました。
apfw1006_10RXH - apnwC000DY10 - apjmC000DY54:時価・為替バックアップ取得処理SKIP指定・・・
運用日付（20130302）のフレーム（apfw1006_10RXH）のネット（apnwC000DY10）のジョブ（apjmC000DY54）にスキップが指定されました。
apfw1006_10RXH - apnwC000DY10 - apjmC000DY55:時価・為替バックアップ配信処理SKIP指定・・・
運用日付（20130302）のフレーム（apfw1006_10RXH）のネット（apnwC000DY10）のジョブ（apjmC000DY55）にスキップが指定されました。
apfw1006_10RXH - apnwC000DY10 - apjmC000DY50:業務データ削除処理SKIP指定・・・
運用日付（20130302）のフレーム（apfw1006_10RXH）のネット（apnwC000DY10）のジョブ（apjmC000DY50）にスキップが指定されました。
apfw1006_10RXH - apnwC000DY10 - apjmC000DY17:パーティション削除処理SKIP指定・・・
運用日付（20130302）のフレーム（apfw1006_10RXH）のネット（apnwC000DY10）のジョブ（apjmC000DY17）にスキップが指定されました。
会社規模ファイルから取得した会社コード：1009
/ext02/rx/4999/work/20130223.th_RXﾅﾚﾍﾋﾆ魲T.apfw1009_10RXH.txt
/ext02/rx/4999/work/20130302.th_RXﾅﾚﾍﾋﾆ魲T.apfw1009_10RXH.txt
apfw1009_10RXH - apnwC000DY10 - apjmC000DY13:進捗管理データ削除処理SKIP指定・・・
運用日付（20130302）のフレーム（apfw1009_10RXH）のネット（apnwC000DY10）のジョブ（apjmC000DY13）にスキップが指定されました。
apfw1009_10RXH - apnwC000DY10 - apjmC000DY54:時価・為替バックアップ取得処理SKIP指定・・・
運用日付（20130302）のフレーム（apfw1009_10RXH）のネット（apnwC000DY10）のジョブ（apjmC000DY54）にスキップが指定されました。
apfw1009_10RXH - apnwC000DY10 - apjmC000DY55:時価・為替バックアップ配信処理SKIP指定・・・
運用日付（20130302）のフレーム（apfw1009_10RXH）のネット（apnwC000DY10）のジョブ（apjmC000DY55）にスキップが指定されました。
apfw1009_10RXH - apnwC000DY10 - apjmC000DY50:業務データ削除処理SKIP指定・・・
運用日付（20130302）のフレーム（apfw1009_10RXH）のネット（apnwC000DY10）のジョブ（apjmC000DY50）にスキップが指定されました。
apfw1009_10RXH - apnwC000DY10 - apjmC000DY17:パーティション削除処理SKIP指定・・・
運用日付（20130302）のフレーム（apfw1009_10RXH）のネット（apnwC000DY10）のジョブ（apjmC000DY17）にスキップが指定されました。
会社規模ファイルから取得した会社コード：1033
土曜会社別フレームapfw1033_10RXHは投入対象外
会社規模ファイルから取得した会社コード：1059
土曜会社別フレームapfw1059_10RXHは投入対象外
会社規模ファイルから取得した会社コード：1078
土曜会社別フレームapfw1078_10RXHは投入対象外
会社規模ファイルから取得した会社コード：1143
土曜会社別フレームapfw1143_10RXHは投入対象外
会社規模ファイルから取得した会社コード：1504
土曜会社別フレームapfw1504_10RXHは投入対象外
会社規模ファイルから取得した会社コード：1506
土曜会社別フレームapfw1506_10RXHは投入対象外
会社規模ファイルから取得した会社コード：1514
土曜会社別フレームapfw1514_10RXHは投入対象外
/ext02/rx/4999/work/20130223.th_RXﾅﾚﾍﾋﾆ魲T.apfwC000_21RXH.txt
/ext02/rx/4999/work/20130302.th_RXﾅﾚﾍﾋﾆ魲T.apfwC000_21RXH.txt
apfwC000_21RXH - apjmC000DY54:時価・為替バックアップ取得処理([共通])SKIP指定・・・
運用日付（20130302）のフレーム（apfwC000_21RXH）はスケジュール登録されていません。
apfwC000_21RXH - apjmC000DY50:業務データ削除処理([共通])SKIP指定・・・
運用日付（20130302）のフレーム（apfwC000_21RXH）はスケジュール登録されていません。
apfwC000_21RXH - apjwC000DY14:DBサーバ領域の最適化処理[共通]SKIP指定・・・
運用日付（20130302）のフレーム（apfwC000_21RXH）はスケジュール登録されていません。
#-----------------------------------------------------------------------------------------
# STEPID = 0030  NORMAL-END
#-----------------------------------------------------------------------------------------
#-----------------------------------------------------------------------------------------
# STEPID = 0040  START
#-----------------------------------------------------------------------------------------
個別SKIP設定の必要があるジョブは存在しません
#-----------------------------------------------------------------------------------------
# STEPID = 0040  NORMAL-END
#-----------------------------------------------------------------------------------------
#*****************************************************************************************
#
2013/02/27 14:00:46 apjxC000UB89 JOB-NORMAL-END
#
#*****************************************************************************************
