#*****************************************************************************************
#
2013/04/04 10:59:24 apjwDY14 JOB-START
#
#*****************************************************************************************
#-----------------------------------------------------------------------------------------
# STEPID = 0010  START
#-----------------------------------------------------------------------------------------
#-----------------------------------------------------------------------------------------
# STEPID = 0010  NORMAL-END
#-----------------------------------------------------------------------------------------
#-----------------------------------------------------------------------------------------
# STEPID = 0020  START
#-----------------------------------------------------------------------------------------
2013/04/04 10:59:24 MDYB1403         Is Started.
2013/04/04 10:59:24 MDYB1403         Is Ended Normally.
RIYO_CMPCD=C000 KIJYUN_YMD=20130331 EXEC_ID=        KIDO_ID=    
#-----------------------------------------------------------------------------------------
# STEPID = 0020  NORMAL-END
#-----------------------------------------------------------------------------------------
#-----------------------------------------------------------------------------------------
# STEPID = 0030  START
#-----------------------------------------------------------------------------------------
2013/04/04 10:59:24 MDYB1401         Is Started.
2013/04/04 10:59:24 MDYB1401         Is Ended Normally.
RIYO_CMPCD=C000 KIJYUN_YMD=20130331 EXEC_ID=        KIDO_ID=    
#-----------------------------------------------------------------------------------------
# STEPID = 0030  NORMAL-END
#-----------------------------------------------------------------------------------------
#-----------------------------------------------------------------------------------------
# STEPID = 0040  START
#-----------------------------------------------------------------------------------------
CCCCCCCC_2012 CCCCCCCC_2012_MAX MOVE 開始 20130404105925

表が変更されました。

CCCCCCCC_2012 CCCCCCCC_2012_MAX MOVE 終了 20130404105938
AAAAAAAA_2011 AAAAAAAA_2011_MAX MOVE 開始 20130404105938

表が変更されました。

AAAAAAAA_2011 AAAAAAAA_2011_MAX MOVE 終了 20130404105948
AAAAAAAA_2011 AAAAAAAA_2011_MIN MOVE 開始 20130404105948

表が変更されました。

AAAAAAAA_2011 AAAAAAAA_2011_MIN MOVE 終了 20130404105957
CCCCCCCC_2012 CCCCCCCC_2012_MIN MOVE 開始 20130404105957

表が変更されました。

CCCCCCCC_2012 CCCCCCCC_2012_MIN MOVE 終了 20130404110003
CCCCCCCC_2012 CCCCCCCC_2012_TMP MOVE 開始 20130404110003

表が変更されました。

CCCCCCCC_2012 CCCCCCCC_2012_TMP MOVE 終了 20130404110003
#-----------------------------------------------------------------------------------------
# STEPID = 0040  NORMAL-END
#-----------------------------------------------------------------------------------------
#-----------------------------------------------------------------------------------------
# STEPID = 0050  START
#-----------------------------------------------------------------------------------------
2013/04/04 11:00:03 MDYB1402         Is Started.
2013/04/04 11:00:04 MDYB1402         Is Ended Normally.
RIYO_CMPCD=C000 KIJYUN_YMD=20130331 EXEC_ID=        KIDO_ID=    
#-----------------------------------------------------------------------------------------
# STEPID = 0050  NORMAL-END
#-----------------------------------------------------------------------------------------
#*****************************************************************************************
#
2013/04/04 11:00:04 apjwDY14 JOB-NORMAL-END
#
#*****************************************************************************************
シェルapjwDY14のリターン値：0
