#*****************************************************************************************
#
2013/04/04 13:32:21 apjwDY14 JOB-START
#
#*****************************************************************************************
#-----------------------------------------------------------------------------------------
# STEPID = 0010  START
#-----------------------------------------------------------------------------------------
#-----------------------------------------------------------------------------------------
# STEPID = 0010  NORMAL-END
#-----------------------------------------------------------------------------------------
#-----------------------------------------------------------------------------------------
# STEPID = 0020  START
#-----------------------------------------------------------------------------------------
2013/04/04 13:32:21 MDYB1403         Is Started.
2013/04/04 13:32:22 MDYB1403         Is Ended Normally.
RIYO_CMPCD=C000 KIJYUN_YMD=20130331 EXEC_ID=        KIDO_ID=    
#-----------------------------------------------------------------------------------------
# STEPID = 0020  NORMAL-END
#-----------------------------------------------------------------------------------------
#-----------------------------------------------------------------------------------------
# STEPID = 0030  START
#-----------------------------------------------------------------------------------------
2013/04/04 13:32:22 MDYB1401         Is Started.
2013/04/04 13:32:22 MDYB1401         Is Ended Normally.
RIYO_CMPCD=C000 KIJYUN_YMD=20130331 EXEC_ID=        KIDO_ID=    
#-----------------------------------------------------------------------------------------
# STEPID = 0030  NORMAL-END
#-----------------------------------------------------------------------------------------
#-----------------------------------------------------------------------------------------
# STEPID = 0040  START
#-----------------------------------------------------------------------------------------
AAAAAAAA_2011 AAAAAAAA_2011_MAX1 MOVE 開始 20130404133222

表が変更されました。

AAAAAAAA_2011 AAAAAAAA_2011_MAX1 MOVE 終了 20130404133223
CCCCCCCC_2012 CCCCCCCC_2012_MAX MOVE 開始 20130404133223

表が変更されました。

CCCCCCCC_2012 CCCCCCCC_2012_MAX MOVE 終了 20130404133235
CCCCCCCC_2012 CCCCCCCC_2012_MIN MOVE 開始 20130404133235

表が変更されました。

CCCCCCCC_2012 CCCCCCCC_2012_MIN MOVE 終了 20130404133241
EEEEEEEE_2012 EEEEEEEE_2012_201212 MOVE 開始 20130404133241

表が変更されました。

EEEEEEEE_2012 EEEEEEEE_2012_201212 MOVE 終了 20130404133246
EEEEEEEE_2012 EEEEEEEE_2012_201304 MOVE 開始 20130404133246

表が変更されました。

EEEEEEEE_2012 EEEEEEEE_2012_201304 MOVE 終了 20130404133246
AAAAAAAA_2011 AAAAAAAA_2011_MIN MOVE 開始 20130404133246

表が変更されました。

AAAAAAAA_2011 AAAAAAAA_2011_MIN MOVE 終了 20130404133255
CCCCCCCC_2012 CCCCCCCC_2012_TMP MOVE 開始 20130404133255

表が変更されました。

CCCCCCCC_2012 CCCCCCCC_2012_TMP MOVE 終了 20130404133255
EEEEEEEE_2012 EEEEEEEE_2012_201301 MOVE 開始 20130404133255

表が変更されました。

EEEEEEEE_2012 EEEEEEEE_2012_201301 MOVE 終了 20130404133302
EEEEEEEE_2012 EEEEEEEE_2012_201302 MOVE 開始 20130404133302

表が変更されました。

EEEEEEEE_2012 EEEEEEEE_2012_201302 MOVE 終了 20130404133305
DDDDDDDD_2012 DDDDDDDD_2012_MAX MOVE 開始 20130404133305

表が変更されました。

DDDDDDDD_2012 DDDDDDDD_2012_MAX MOVE 終了 20130404133307
DDDDDDDD_2012 DDDDDDDD_2012_MIN MOVE 開始 20130404133307

表が変更されました。

DDDDDDDD_2012 DDDDDDDD_2012_MIN MOVE 終了 20130404133310
DDDDDDDD_2012 DDDDDDDD_2012_TMP MOVE 開始 20130404133310

表が変更されました。

DDDDDDDD_2012 DDDDDDDD_2012_TMP MOVE 終了 20130404133310
EEEEEEEE_2012 EEEEEEEE_2012_201303 MOVE 開始 20130404133310

表が変更されました。

EEEEEEEE_2012 EEEEEEEE_2012_201303 MOVE 終了 20130404133310
#-----------------------------------------------------------------------------------------
# STEPID = 0040  NORMAL-END
#-----------------------------------------------------------------------------------------
#-----------------------------------------------------------------------------------------
# STEPID = 0050  START
#-----------------------------------------------------------------------------------------
2013/04/04 13:33:10 MDYB1402         Is Started.
2013/04/04 13:33:10 MDYB1402         Is Ended Normally.
RIYO_CMPCD=C000 KIJYUN_YMD=20130331 EXEC_ID=        KIDO_ID=    
#-----------------------------------------------------------------------------------------
# STEPID = 0050  NORMAL-END
#-----------------------------------------------------------------------------------------
#*****************************************************************************************
#
2013/04/04 13:33:10 apjwDY14 JOB-NORMAL-END
#
#*****************************************************************************************
シェルapjwDY14のリターン値：0
