#*****************************************************************************************
#
2013/03/25 11:18:04 apjwDY14 JOB-START
#
#*****************************************************************************************
#-----------------------------------------------------------------------------------------
# STEPID = 0010  START
#-----------------------------------------------------------------------------------------
#-----------------------------------------------------------------------------------------
# STEPID = 0010  NORMAL-END
#-----------------------------------------------------------------------------------------
#-----------------------------------------------------------------------------------------
# STEPID = 0020  START
#-----------------------------------------------------------------------------------------
2013/03/25 11:18:04 MDYB1403         Is Started.
2013/03/25 11:18:04 MDYB1403         Is Ended Normally.
RIYO_CMPCD=C000 KIJYUN_YMD=20130331 EXEC_ID=        KIDO_ID=    
#-----------------------------------------------------------------------------------------
# STEPID = 0020  NORMAL-END
#-----------------------------------------------------------------------------------------
#-----------------------------------------------------------------------------------------
# STEPID = 0030  START
#-----------------------------------------------------------------------------------------
2013/03/25 11:18:04 MDYB1401         Is Started.
2013/03/25 11:18:04 MDYB1401         Is Ended Normally.
RIYO_CMPCD=C000 KIJYUN_YMD=20130331 EXEC_ID=        KIDO_ID=    
#-----------------------------------------------------------------------------------------
# STEPID = 0030  NORMAL-END
#-----------------------------------------------------------------------------------------
#-----------------------------------------------------------------------------------------
# STEPID = 0040  START
#-----------------------------------------------------------------------------------------
#-----------------------------------------------------------------------------------------
# STEPID = 0040  NORMAL-END
#-----------------------------------------------------------------------------------------
#-----------------------------------------------------------------------------------------
# STEPID = 0050  START
#-----------------------------------------------------------------------------------------
2013/03/25 11:18:05 MDYB1402         Is Started.
2013/03/25 11:18:05 MDYB1402         Is Ended Normally.
RIYO_CMPCD=C000 KIJYUN_YMD=20130331 EXEC_ID=        KIDO_ID=    
#-----------------------------------------------------------------------------------------
# STEPID = 0050  NORMAL-END
#-----------------------------------------------------------------------------------------
#*****************************************************************************************
#
2013/03/25 11:18:05 apjwDY14 JOB-NORMAL-END
#
#*****************************************************************************************
シェルapjwDY14のリターン値：0
