#*****************************************************************************************
#
2013/04/04 12:48:09 apjwDY14 JOB-START
#
#*****************************************************************************************
#-----------------------------------------------------------------------------------------
# STEPID = 0010  START
#-----------------------------------------------------------------------------------------
#-----------------------------------------------------------------------------------------
# STEPID = 0010  NORMAL-END
#-----------------------------------------------------------------------------------------
#-----------------------------------------------------------------------------------------
# STEPID = 0020  START
#-----------------------------------------------------------------------------------------
2013/04/04 12:48:09 MDYB1403         Is Started.
2013/04/04 12:48:10 MDYB1403         Is Ended Normally.
RIYO_CMPCD=C000 KIJYUN_YMD=20130331 EXEC_ID=        KIDO_ID=    
#-----------------------------------------------------------------------------------------
# STEPID = 0020  NORMAL-END
#-----------------------------------------------------------------------------------------
#-----------------------------------------------------------------------------------------
# STEPID = 0030  START
#-----------------------------------------------------------------------------------------
2013/04/04 12:48:10 MDYB1401         Is Started.
2013/04/04 12:48:10 MDYB1401         Is Ended Normally.
RIYO_CMPCD=C000 KIJYUN_YMD=20130331 EXEC_ID=        KIDO_ID=    
#-----------------------------------------------------------------------------------------
# STEPID = 0030  NORMAL-END
#-----------------------------------------------------------------------------------------
#-----------------------------------------------------------------------------------------
# STEPID = 0040  START
#-----------------------------------------------------------------------------------------
AAAAAAAA_2011 AAAAAAAA_2011_MAX MOVE 開始 20130404124810

表が変更されました。

AAAAAAAA_2011 AAAAAAAA_2011_MAX MOVE 終了 20130404124819
AAAAAAAA_2011 AAAAAAAA_2011_MAX1 MOVE 開始 20130404124819

表が変更されました。

AAAAAAAA_2011 AAAAAAAA_2011_MAX1 MOVE 終了 20130404124820
CCCCCCCC_2012 CCCCCCCC_2012_MAX MOVE 開始 20130404124820

表が変更されました。

CCCCCCCC_2012 CCCCCCCC_2012_MAX MOVE 終了 20130404124834
CCCCCCCC_2012 CCCCCCCC_2012_MIN MOVE 開始 20130404124834

表が変更されました。

CCCCCCCC_2012 CCCCCCCC_2012_MIN MOVE 終了 20130404124841
EEEEEEEE_2012 EEEEEEEE_2012_201212 MOVE 開始 20130404124841

表が変更されました。

EEEEEEEE_2012 EEEEEEEE_2012_201212 MOVE 終了 20130404124843
EEEEEEEE_2012 EEEEEEEE_2012_201304 MOVE 開始 20130404124843

表が変更されました。

EEEEEEEE_2012 EEEEEEEE_2012_201304 MOVE 終了 20130404124844
AAAAAAAA_2011 AAAAAAAA_2011_MIN MOVE 開始 20130404124844

表が変更されました。

AAAAAAAA_2011 AAAAAAAA_2011_MIN MOVE 終了 20130404124852
CCCCCCCC_2012 CCCCCCCC_2012_TMP MOVE 開始 20130404124852

表が変更されました。

CCCCCCCC_2012 CCCCCCCC_2012_TMP MOVE 終了 20130404124852
DDDDDDDD_2012 DDDDDDDD_2012_MAX MOVE 開始 20130404124852

表が変更されました。

DDDDDDDD_2012 DDDDDDDD_2012_MAX MOVE 終了 20130404124854
DDDDDDDD_2012 DDDDDDDD_2012_MIN MOVE 開始 20130404124854

表が変更されました。

DDDDDDDD_2012 DDDDDDDD_2012_MIN MOVE 終了 20130404124857
DDDDDDDD_2012 DDDDDDDD_2012_TMP MOVE 開始 20130404124857

表が変更されました。

DDDDDDDD_2012 DDDDDDDD_2012_TMP MOVE 終了 20130404124857
EEEEEEEE_2012 EEEEEEEE_2012_201303 MOVE 開始 20130404124857

表が変更されました。

EEEEEEEE_2012 EEEEEEEE_2012_201303 MOVE 終了 20130404124857
#-----------------------------------------------------------------------------------------
# STEPID = 0040  NORMAL-END
#-----------------------------------------------------------------------------------------
#-----------------------------------------------------------------------------------------
# STEPID = 0050  START
#-----------------------------------------------------------------------------------------
2013/04/04 12:48:57 MDYB1402         Is Started.
2013/04/04 12:48:57 MDYB1402         Is Ended Normally.
RIYO_CMPCD=C000 KIJYUN_YMD=20130331 EXEC_ID=        KIDO_ID=    
#-----------------------------------------------------------------------------------------
# STEPID = 0050  NORMAL-END
#-----------------------------------------------------------------------------------------
#*****************************************************************************************
#
2013/04/04 12:48:57 apjwDY14 JOB-NORMAL-END
#
#*****************************************************************************************
シェルapjwDY14のリターン値：0
