#*****************************************************************************************
#
2013/03/26 15:04:58 apjwDY14 JOB-START
#
#*****************************************************************************************
#-----------------------------------------------------------------------------------------
# STEPID = 0010  START
#-----------------------------------------------------------------------------------------
#-----------------------------------------------------------------------------------------
# STEPID = 0010  NORMAL-END
#-----------------------------------------------------------------------------------------
#-----------------------------------------------------------------------------------------
# STEPID = 0020  START
#-----------------------------------------------------------------------------------------
2013/03/26 15:04:59 MDYB1403         Is Started.
2013/03/26 15:04:59 MDYB1403         Is Ended Normally.
RIYO_CMPCD=C000 KIJYUN_YMD=20130331 EXEC_ID=        KIDO_ID=    
#-----------------------------------------------------------------------------------------
# STEPID = 0020  NORMAL-END
#-----------------------------------------------------------------------------------------
#-----------------------------------------------------------------------------------------
# STEPID = 0030  START
#-----------------------------------------------------------------------------------------
2013/03/26 15:04:59 MDYB1401         Is Started.
2013/03/26 15:05:00 MDYB1401         Is Ended Normally.
RIYO_CMPCD=C000 KIJYUN_YMD=20130331 EXEC_ID=        KIDO_ID=    
#-----------------------------------------------------------------------------------------
# STEPID = 0030  NORMAL-END
#-----------------------------------------------------------------------------------------
#-----------------------------------------------------------------------------------------
# STEPID = 0040  START
#-----------------------------------------------------------------------------------------
TKCMWK01 MOVE 開始 20130326150500

表が変更されました。

TKCMWK01 MOVE 終了 20130326150516
TKDYAA31 MOVE 開始 20130326150516

表が変更されました。

TKDYAA31 MOVE 終了 20130326150516
TKDYAA40_1008 MOVE 開始 20130326150516

表が変更されました。

TKDYAA40_1008 MOVE 終了 20130326150533
TKDYAA40_1009 MOVE 開始 20130326150533

表が変更されました。

TKDYAA40_1009 MOVE 終了 20130326150533
TKDYAA40_1020 MOVE 開始 20130326150534

表が変更されました。

TKDYAA40_1020 MOVE 終了 20130326150534
TKDYAA40_1025 MOVE 開始 20130326150534

表が変更されました。

TKDYAA40_1025 MOVE 終了 20130326150534
TKDYAA40_1501 MOVE 開始 20130326150534

表が変更されました。

TKDYAA40_1501 MOVE 終了 20130326150534
TKDYAA40_1006 MOVE 開始 20130326150534

表が変更されました。

TKDYAA40_1006 MOVE 終了 20130326150534
TKCMSW00 MOVE 開始 20130326150534

表が変更されました。

TKCMSW00 MOVE 終了 20130326150536
TKDYAA40_1888 MOVE 開始 20130326150536

表が変更されました。

TKDYAA40_1888 MOVE 終了 20130326150536
TKDYAA40_1042 MOVE 開始 20130326150536

表が変更されました。

TKDYAA40_1042 MOVE 終了 20130326150536
TKDYAA40_1088 MOVE 開始 20130326150536

表が変更されました。

TKDYAA40_1088 MOVE 終了 20130326150536
TKDYAA40_1003 MOVE 開始 20130326150536

表が変更されました。

TKDYAA40_1003 MOVE 終了 20130326150536
TKDYAA40_1777 MOVE 開始 20130326150536

表が変更されました。

TKDYAA40_1777 MOVE 終了 20130326150536
TKDYAA40_1018 MOVE 開始 20130326150536

表が変更されました。

TKDYAA40_1018 MOVE 終了 20130326150536
#-----------------------------------------------------------------------------------------
# STEPID = 0040  NORMAL-END
#-----------------------------------------------------------------------------------------
#-----------------------------------------------------------------------------------------
# STEPID = 0050  START
#-----------------------------------------------------------------------------------------
2013/03/26 15:05:36 MDYB1402         Is Started.
2013/03/26 15:05:37 MDYB1402         Is Ended Normally.
RIYO_CMPCD=C000 KIJYUN_YMD=20130331 EXEC_ID=        KIDO_ID=    
#-----------------------------------------------------------------------------------------
# STEPID = 0050  NORMAL-END
#-----------------------------------------------------------------------------------------
#*****************************************************************************************
#
2013/03/26 15:05:37 apjwDY14 JOB-NORMAL-END
#
#*****************************************************************************************
シェルapjwDY14のリターン値：0
