#*****************************************************************************************
#
2013/04/04 11:28:56 apjwDY14 JOB-START
#
#*****************************************************************************************
#-----------------------------------------------------------------------------------------
# STEPID = 0010  START
#-----------------------------------------------------------------------------------------
#-----------------------------------------------------------------------------------------
# STEPID = 0010  NORMAL-END
#-----------------------------------------------------------------------------------------
#-----------------------------------------------------------------------------------------
# STEPID = 0020  START
#-----------------------------------------------------------------------------------------
2013/04/04 11:28:56 MDYB1403         Is Started.
TKDYAA53設定ミスの為SKIPしました：HHHHHHHH            
2013/04/04 11:28:56 MDYB1403         Is Ended Normally.
RIYO_CMPCD=C000 KIJYUN_YMD=20130331 EXEC_ID=        KIDO_ID=    
#-----------------------------------------------------------------------------------------
# STEPID = 0020  NORMAL-END
#-----------------------------------------------------------------------------------------
#-----------------------------------------------------------------------------------------
# STEPID = 0030  START
#-----------------------------------------------------------------------------------------
2013/04/04 11:28:56 MDYB1401         Is Started.
2013/04/04 11:28:57 MDYB1401         Is Ended Normally.
RIYO_CMPCD=C000 KIJYUN_YMD=20130331 EXEC_ID=        KIDO_ID=    
#-----------------------------------------------------------------------------------------
# STEPID = 0030  NORMAL-END
#-----------------------------------------------------------------------------------------
#-----------------------------------------------------------------------------------------
# STEPID = 0040  START
#-----------------------------------------------------------------------------------------
DDDDDDDD_2012 DDDDDDDD_2012_MAX MOVE 開始 20130404112857

表が変更されました。

DDDDDDDD_2012 DDDDDDDD_2012_MAX MOVE 終了 20130404112859
DDDDDDDD_2012 DDDDDDDD_2012_MIN MOVE 開始 20130404112859

表が変更されました。

DDDDDDDD_2012 DDDDDDDD_2012_MIN MOVE 終了 20130404112901
DDDDDDDD_2012 DDDDDDDD_2012_TMP MOVE 開始 20130404112901

表が変更されました。

DDDDDDDD_2012 DDDDDDDD_2012_TMP MOVE 終了 20130404112902
#-----------------------------------------------------------------------------------------
# STEPID = 0040  NORMAL-END
#-----------------------------------------------------------------------------------------
#-----------------------------------------------------------------------------------------
# STEPID = 0050  START
#-----------------------------------------------------------------------------------------
2013/04/04 11:29:02 MDYB1402         Is Started.
2013/04/04 11:29:02 MDYB1402         Is Ended Normally.
RIYO_CMPCD=C000 KIJYUN_YMD=20130331 EXEC_ID=        KIDO_ID=    
#-----------------------------------------------------------------------------------------
# STEPID = 0050  NORMAL-END
#-----------------------------------------------------------------------------------------
#*****************************************************************************************
#
2013/04/04 11:29:02 apjwDY14 JOB-NORMAL-END
#
#*****************************************************************************************
シェルapjwDY14のリターン値：0
