#*****************************************************************************************
#
2013/03/26 14:16:08 apjwDY14 JOB-START
#
#*****************************************************************************************
#-----------------------------------------------------------------------------------------
# STEPID = 0010  START
#-----------------------------------------------------------------------------------------
#-----------------------------------------------------------------------------------------
# STEPID = 0010  NORMAL-END
#-----------------------------------------------------------------------------------------
#-----------------------------------------------------------------------------------------
# STEPID = 0020  START
#-----------------------------------------------------------------------------------------
2013/03/26 14:16:08 MDYB1403         Is Started.
TKDYAA53設定ミスの為SKIPしました：TKDYAA70            
TKDYAA53設定ミスの為SKIPしました：TKDYAA71            
2013/03/26 14:16:08 MDYB1403         Is Ended Normally.
RIYO_CMPCD=C000 KIJYUN_YMD=20130331 EXEC_ID=        KIDO_ID=    
#-----------------------------------------------------------------------------------------
# STEPID = 0020  NORMAL-END
#-----------------------------------------------------------------------------------------
#-----------------------------------------------------------------------------------------
# STEPID = 0030  START
#-----------------------------------------------------------------------------------------
2013/03/26 14:16:08 MDYB1401         Is Started.
2013/03/26 14:16:09 MDYB1401         Is Ended Normally.
RIYO_CMPCD=C000 KIJYUN_YMD=20130331 EXEC_ID=        KIDO_ID=    
#-----------------------------------------------------------------------------------------
# STEPID = 0030  NORMAL-END
#-----------------------------------------------------------------------------------------
#-----------------------------------------------------------------------------------------
# STEPID = 0040  START
#-----------------------------------------------------------------------------------------
TKDYAA40_1003 MOVE 開始 20130326141609

表が変更されました。

TKDYAA40_1003 MOVE 終了 20130326141609
TKDYAA40_1006 MOVE 開始 20130326141609

表が変更されました。

TKDYAA40_1006 MOVE 終了 20130326141609
TKDYAA40_1008 MOVE 開始 20130326141609

表が変更されました。

TKDYAA40_1008 MOVE 終了 20130326141632
TKDYAA40_1009 MOVE 開始 20130326141632

表が変更されました。

TKDYAA40_1009 MOVE 終了 20130326141632
TKDYAA40_1018 MOVE 開始 20130326141632

表が変更されました。

TKDYAA40_1018 MOVE 終了 20130326141632
TKDYAA40_1020 MOVE 開始 20130326141632

表が変更されました。

TKDYAA40_1020 MOVE 終了 20130326141632
TKDYAA40_1025 MOVE 開始 20130326141632

表が変更されました。

TKDYAA40_1025 MOVE 終了 20130326141633
TKDYAA40_1042 MOVE 開始 20130326141633

表が変更されました。

TKDYAA40_1042 MOVE 終了 20130326141633
TKDYAA40_1088 MOVE 開始 20130326141633

表が変更されました。

TKDYAA40_1088 MOVE 終了 20130326141633
TKDYAA40_1501 MOVE 開始 20130326141633

表が変更されました。

TKDYAA40_1501 MOVE 終了 20130326141633
TKDYAA40_1515 MOVE 開始 20130326141633

表が変更されました。

TKDYAA40_1515 MOVE 終了 20130326141635
TKDYAA40_1777 MOVE 開始 20130326141635

表が変更されました。

TKDYAA40_1777 MOVE 終了 20130326141635
TKDYAA40_1888 MOVE 開始 20130326141635

表が変更されました。

TKDYAA40_1888 MOVE 終了 20130326141635
#-----------------------------------------------------------------------------------------
# STEPID = 0040  NORMAL-END
#-----------------------------------------------------------------------------------------
#-----------------------------------------------------------------------------------------
# STEPID = 0050  START
#-----------------------------------------------------------------------------------------
2013/03/26 14:16:35 MDYB1402         Is Started.
2013/03/26 14:16:35 MDYB1402         Is Ended Normally.
RIYO_CMPCD=C000 KIJYUN_YMD=20130331 EXEC_ID=        KIDO_ID=    
#-----------------------------------------------------------------------------------------
# STEPID = 0050  NORMAL-END
#-----------------------------------------------------------------------------------------
#*****************************************************************************************
#
2013/03/26 14:16:35 apjwDY14 JOB-NORMAL-END
#
#*****************************************************************************************
シェルapjwDY14のリターン値：0
