#*****************************************************************************************
#
2013/04/04 10:11:07 apjwDY14 JOB-START
#
#*****************************************************************************************
#-----------------------------------------------------------------------------------------
# STEPID = 0010  START
#-----------------------------------------------------------------------------------------
#-----------------------------------------------------------------------------------------
# STEPID = 0010  NORMAL-END
#-----------------------------------------------------------------------------------------
#-----------------------------------------------------------------------------------------
# STEPID = 0020  START
#-----------------------------------------------------------------------------------------
2013/04/04 10:11:07 MDYB1403         Is Started.
2013/04/04 10:11:07 MDYB1403         Is Ended Normally.
RIYO_CMPCD=C000 KIJYUN_YMD=20130331 EXEC_ID=        KIDO_ID=    
#-----------------------------------------------------------------------------------------
# STEPID = 0020  NORMAL-END
#-----------------------------------------------------------------------------------------
#-----------------------------------------------------------------------------------------
# STEPID = 0030  START
#-----------------------------------------------------------------------------------------
2013/04/04 10:11:07 MDYB1401         Is Started.
2013/04/04 10:11:08 MDYB1401         Is Ended Normally.
RIYO_CMPCD=C000 KIJYUN_YMD=20130331 EXEC_ID=        KIDO_ID=    
#-----------------------------------------------------------------------------------------
# STEPID = 0030  NORMAL-END
#-----------------------------------------------------------------------------------------
#-----------------------------------------------------------------------------------------
# STEPID = 0040  START
#-----------------------------------------------------------------------------------------
DDDDDDDD_2012 DDDDDDDD_2012_MAX MOVE 開始 20130404101108

表が変更されました。

DDDDDDDD_2012 DDDDDDDD_2012_MAX MOVE 終了 20130404101110
DDDDDDDD_2012 DDDDDDDD_2012_MIN MOVE 開始 20130404101110

表が変更されました。

DDDDDDDD_2012 DDDDDDDD_2012_MIN MOVE 終了 20130404101113
DDDDDDDD_2012 DDDDDDDD_2012_TMP MOVE 開始 20130404101113

表が変更されました。

DDDDDDDD_2012 DDDDDDDD_2012_TMP MOVE 終了 20130404101113
CCCCCCCC_2012 CCCCCCCC_2012_MAX MOVE 開始 20130404101113

表が変更されました。

CCCCCCCC_2012 CCCCCCCC_2012_MAX MOVE 終了 20130404101125
CCCCCCCC_2012 CCCCCCCC_2012_MIN MOVE 開始 20130404101125

表が変更されました。

CCCCCCCC_2012 CCCCCCCC_2012_MIN MOVE 終了 20130404101132
CCCCCCCC_2012 CCCCCCCC_2012_TMP MOVE 開始 20130404101132

表が変更されました。

CCCCCCCC_2012 CCCCCCCC_2012_TMP MOVE 終了 20130404101132
#-----------------------------------------------------------------------------------------
# STEPID = 0040  NORMAL-END
#-----------------------------------------------------------------------------------------
#-----------------------------------------------------------------------------------------
# STEPID = 0050  START
#-----------------------------------------------------------------------------------------
2013/04/04 10:11:32 MDYB1402         Is Started.
2013/04/04 10:11:32 MDYB1402         Is Ended Normally.
RIYO_CMPCD=C000 KIJYUN_YMD=20130331 EXEC_ID=        KIDO_ID=    
#-----------------------------------------------------------------------------------------
# STEPID = 0050  NORMAL-END
#-----------------------------------------------------------------------------------------
#*****************************************************************************************
#
2013/04/04 10:11:32 apjwDY14 JOB-NORMAL-END
#
#*****************************************************************************************
シェルapjwDY14のリターン値：0
